{"/home/pachwenko/Projects/miata-logs/frontend/src/App.tsx": {"path":"/home/pachwenko/Projects/miata-logs/frontend/src/App.tsx","statementMap":{"0":{"start":{"line":13,"column":14},"end":{"line":13,"column":56}},"1":{"start":{"line":14,"column":22},"end":{"line":16,"column":null}},"2":{"start":{"line":15,"column":4},"end":{"line":15,"column":null}},"3":{"start":{"line":17,"column":21},"end":{"line":25,"column":null}},"4":{"start":{"line":18,"column":27},"end":{"line":18,"column":61}},"5":{"start":{"line":19,"column":4},"end":{"line":24,"column":null}},"6":{"start":{"line":20,"column":59},"end":{"line":22,"column":null}},"7":{"start":{"line":26,"column":20},"end":{"line":33,"column":null}},"8":{"start":{"line":27,"column":27},"end":{"line":27,"column":61}},"9":{"start":{"line":28,"column":4},"end":{"line":32,"column":null}},"10":{"start":{"line":30,"column":32},"end":{"line":30,"column":45}},"11":{"start":{"line":31,"column":31},"end":{"line":31,"column":60}},"12":{"start":{"line":34,"column":16},"end":{"line":34,"column":57}},"13":{"start":{"line":35,"column":31},"end":{"line":37,"column":null}},"14":{"start":{"line":36,"column":4},"end":{"line":36,"column":null}},"15":{"start":{"line":40,"column":2},"end":{"line":42,"column":null}},"16":{"start":{"line":41,"column":4},"end":{"line":41,"column":null}},"17":{"start":{"line":44,"column":2},"end":{"line":56,"column":null}},"18":{"start":{"line":45,"column":27},"end":{"line":53,"column":null}},"19":{"start":{"line":46,"column":55},"end":{"line":52,"column":null}},"20":{"start":{"line":55,"column":4},"end":{"line":55,"column":null}},"21":{"start":{"line":58,"column":2},"end":{"line":60,"column":null}},"22":{"start":{"line":59,"column":4},"end":{"line":59,"column":null}},"23":{"start":{"line":62,"column":8},"end":{"line":71,"column":null}},"24":{"start":{"line":63,"column":4},"end":{"line":71,"column":null}},"25":{"start":{"line":64,"column":12},"end":{"line":64,"column":40}},"26":{"start":{"line":65,"column":6},"end":{"line":65,"column":null}},"27":{"start":{"line":67,"column":6},"end":{"line":67,"column":null}},"28":{"start":{"line":67,"column":52},"end":{"line":67,"column":57}},"29":{"start":{"line":68,"column":6},"end":{"line":68,"column":null}},"30":{"start":{"line":70,"column":6},"end":{"line":70,"column":null}},"31":{"start":{"line":71,"column":6},"end":{"line":71,"column":null}},"32":{"start":{"line":75,"column":8},"end":{"line":82,"column":null}},"33":{"start":{"line":76,"column":23},"end":{"line":76,"column":43}},"34":{"start":{"line":77,"column":4},"end":{"line":80,"column":null}},"35":{"start":{"line":78,"column":6},"end":{"line":78,"column":null}},"36":{"start":{"line":80,"column":6},"end":{"line":80,"column":null}},"37":{"start":{"line":82,"column":4},"end":{"line":82,"column":null}},"38":{"start":{"line":85,"column":8},"end":{"line":89,"column":null}},"39":{"start":{"line":86,"column":4},"end":{"line":89,"column":null}},"40":{"start":{"line":86,"column":29},"end":{"line":89,"column":7}},"41":{"start":{"line":92,"column":8},"end":{"line":96,"column":null}},"42":{"start":{"line":93,"column":4},"end":{"line":96,"column":null}},"43":{"start":{"line":93,"column":28},"end":{"line":96,"column":7}},"44":{"start":{"line":99,"column":8},"end":{"line":102,"column":null}},"45":{"start":{"line":100,"column":4},"end":{"line":100,"column":null}},"46":{"start":{"line":101,"column":4},"end":{"line":101,"column":null}},"47":{"start":{"line":102,"column":4},"end":{"line":102,"column":null}},"48":{"start":{"line":105,"column":2},"end":{"line":106,"column":null}},"49":{"start":{"line":106,"column":4},"end":{"line":106,"column":null}},"50":{"start":{"line":109,"column":2},"end":{"line":164,"column":null}},"51":{"start":{"line":132,"column":61},"end":{"line":132,"column":88}},"52":{"start":{"line":135,"column":61},"end":{"line":135,"column":88}},"53":{"start":{"line":143,"column":27},"end":{"line":143,"column":73}},"54":{"start":{"line":155,"column":33},"end":{"line":155,"column":56}},"55":{"start":{"line":157,"column":18},"end":{"line":162,"column":null}}},"fnMap":{"0":{"name":"App","decl":{"start":{"line":12,"column":9},"end":{"line":12,"column":15}},"loc":{"start":{"line":12,"column":15},"end":{"line":164,"column":null}},"line":12},"1":{"name":"(anonymous_1)","decl":{"start":{"line":14,"column":40},"end":{"line":14,"column":68}},"loc":{"start":{"line":14,"column":68},"end":{"line":16,"column":null}},"line":14},"2":{"name":"(anonymous_2)","decl":{"start":{"line":17,"column":38},"end":{"line":17,"column":53}},"loc":{"start":{"line":17,"column":53},"end":{"line":25,"column":null}},"line":17},"3":{"name":"(anonymous_3)","decl":{"start":{"line":20,"column":37},"end":{"line":20,"column":42}},"loc":{"start":{"line":20,"column":59},"end":{"line":22,"column":null}},"line":20},"4":{"name":"(anonymous_4)","decl":{"start":{"line":26,"column":36},"end":{"line":26,"column":51}},"loc":{"start":{"line":26,"column":51},"end":{"line":33,"column":null}},"line":26},"5":{"name":"(anonymous_5)","decl":{"start":{"line":30,"column":9},"end":{"line":30,"column":17}},"loc":{"start":{"line":30,"column":32},"end":{"line":30,"column":45}},"line":30},"6":{"name":"(anonymous_6)","decl":{"start":{"line":31,"column":9},"end":{"line":31,"column":14}},"loc":{"start":{"line":31,"column":31},"end":{"line":31,"column":60}},"line":31},"7":{"name":"(anonymous_7)","decl":{"start":{"line":35,"column":58},"end":{"line":35,"column":73}},"loc":{"start":{"line":35,"column":73},"end":{"line":37,"column":null}},"line":35},"8":{"name":"(anonymous_8)","decl":{"start":{"line":40,"column":2},"end":{"line":40,"column":18}},"loc":{"start":{"line":40,"column":18},"end":{"line":42,"column":6}},"line":40},"9":{"name":"(anonymous_9)","decl":{"start":{"line":44,"column":2},"end":{"line":44,"column":18}},"loc":{"start":{"line":44,"column":18},"end":{"line":56,"column":6}},"line":44},"10":{"name":"(anonymous_10)","decl":{"start":{"line":46,"column":33},"end":{"line":46,"column":38}},"loc":{"start":{"line":46,"column":55},"end":{"line":52,"column":null}},"line":46},"11":{"name":"(anonymous_11)","decl":{"start":{"line":58,"column":2},"end":{"line":58,"column":18}},"loc":{"start":{"line":58,"column":18},"end":{"line":60,"column":6}},"line":58},"12":{"name":"(anonymous_12)","decl":{"start":{"line":62,"column":8},"end":{"line":62,"column":28}},"loc":{"start":{"line":62,"column":48},"end":{"line":71,"column":null}},"line":62},"13":{"name":"(anonymous_13)","decl":{"start":{"line":67,"column":41},"end":{"line":67,"column":46}},"loc":{"start":{"line":67,"column":52},"end":{"line":67,"column":57}},"line":67},"14":{"name":"(anonymous_14)","decl":{"start":{"line":75,"column":8},"end":{"line":75,"column":27}},"loc":{"start":{"line":75,"column":45},"end":{"line":82,"column":null}},"line":75},"15":{"name":"(anonymous_15)","decl":{"start":{"line":85,"column":8},"end":{"line":85,"column":30}},"loc":{"start":{"line":85,"column":76},"end":{"line":89,"column":null}},"line":85},"16":{"name":"(anonymous_16)","decl":{"start":{"line":86,"column":4},"end":{"line":86,"column":19}},"loc":{"start":{"line":86,"column":29},"end":{"line":89,"column":7}},"line":86},"17":{"name":"(anonymous_17)","decl":{"start":{"line":92,"column":8},"end":{"line":92,"column":29}},"loc":{"start":{"line":92,"column":62},"end":{"line":96,"column":null}},"line":92},"18":{"name":"(anonymous_18)","decl":{"start":{"line":93,"column":4},"end":{"line":93,"column":18}},"loc":{"start":{"line":93,"column":28},"end":{"line":96,"column":7}},"line":93},"19":{"name":"(anonymous_19)","decl":{"start":{"line":99,"column":8},"end":{"line":99,"column":28}},"loc":{"start":{"line":99,"column":28},"end":{"line":102,"column":null}},"line":99},"20":{"name":"(anonymous_20)","decl":{"start":{"line":132,"column":39},"end":{"line":132,"column":44}},"loc":{"start":{"line":132,"column":61},"end":{"line":132,"column":88}},"line":132},"21":{"name":"(anonymous_21)","decl":{"start":{"line":135,"column":39},"end":{"line":135,"column":44}},"loc":{"start":{"line":135,"column":61},"end":{"line":135,"column":88}},"line":135},"22":{"name":"(anonymous_22)","decl":{"start":{"line":143,"column":12},"end":{"line":143,"column":27}},"loc":{"start":{"line":143,"column":27},"end":{"line":143,"column":73}},"line":143},"23":{"name":"(anonymous_23)","decl":{"start":{"line":155,"column":17},"end":{"line":155,"column":25}},"loc":{"start":{"line":155,"column":33},"end":{"line":155,"column":56}},"line":155},"24":{"name":"(anonymous_24)","decl":{"start":{"line":156,"column":17},"end":{"line":156,"column":22}},"loc":{"start":{"line":157,"column":18},"end":{"line":162,"column":null}},"line":157}},"branchMap":{"0":{"loc":{"start":{"line":70,"column":40},"end":{"line":70,"column":95}},"type":"cond-expr","locations":[{"start":{"line":70,"column":63},"end":{"line":70,"column":77}},{"start":{"line":70,"column":77},"end":{"line":70,"column":95}}],"line":70},"1":{"loc":{"start":{"line":77,"column":4},"end":{"line":80,"column":null}},"type":"if","locations":[{"start":{"line":77,"column":4},"end":{"line":80,"column":null}},{"start":{"line":79,"column":11},"end":{"line":80,"column":null}}],"line":77},"2":{"loc":{"start":{"line":105,"column":2},"end":{"line":106,"column":null}},"type":"if","locations":[{"start":{"line":105,"column":2},"end":{"line":106,"column":null}},{"start":{},"end":{}}],"line":105},"3":{"loc":{"start":{"line":118,"column":7},"end":{"line":118,"column":null}},"type":"binary-expr","locations":[{"start":{"line":118,"column":7},"end":{"line":118,"column":16}},{"start":{"line":118,"column":16},"end":{"line":118,"column":null}}],"line":118},"4":{"loc":{"start":{"line":147,"column":15},"end":{"line":147,"column":null}},"type":"cond-expr","locations":[{"start":{"line":147,"column":38},"end":{"line":147,"column":44}},{"start":{"line":147,"column":44},"end":{"line":147,"column":null}}],"line":147},"5":{"loc":{"start":{"line":152,"column":11},"end":{"line":164,"column":null}},"type":"binary-expr","locations":[{"start":{"line":152,"column":11},"end":{"line":152,"column":null}},{"start":{"line":153,"column":12},"end":{"line":164,"column":null}}],"line":152}},"s":{"0":0,"1":0,"2":0,"3":0,"4":0,"5":0,"6":0,"7":0,"8":0,"9":0,"10":0,"11":0,"12":0,"13":0,"14":0,"15":0,"16":0,"17":0,"18":0,"19":0,"20":0,"21":0,"22":0,"23":0,"24":0,"25":0,"26":0,"27":0,"28":0,"29":0,"30":0,"31":0,"32":0,"33":0,"34":0,"35":0,"36":0,"37":0,"38":0,"39":0,"40":0,"41":0,"42":0,"43":0,"44":0,"45":0,"46":0,"47":0,"48":0,"49":0,"50":0,"51":0,"52":0,"53":0,"54":0,"55":0},"f":{"0":0,"1":0,"2":0,"3":0,"4":0,"5":0,"6":0,"7":0,"8":0,"9":0,"10":0,"11":0,"12":0,"13":0,"14":0,"15":0,"16":0,"17":0,"18":0,"19":0,"20":0,"21":0,"22":0,"23":0,"24":0},"b":{"0":[0,0],"1":[0,0],"2":[0,0],"3":[0,0],"4":[0,0],"5":[0,0]},"meta":{"lastBranch":6,"lastFunction":25,"lastStatement":56,"seen":{"f:12:9:12:15":0,"s:13:14:13:56":0,"s:14:22:16:Infinity":1,"f:14:40:14:68":1,"s:15:4:15:Infinity":2,"s:17:21:25:Infinity":3,"f:17:38:17:53":2,"s:18:27:18:61":4,"s:19:4:24:Infinity":5,"f:20:37:20:42":3,"s:20:59:22:Infinity":6,"s:26:20:33:Infinity":7,"f:26:36:26:51":4,"s:27:27:27:61":8,"s:28:4:32:Infinity":9,"f:30:9:30:17":5,"s:30:32:30:45":10,"f:31:9:31:14":6,"s:31:31:31:60":11,"s:34:16:34:57":12,"s:35:31:37:Infinity":13,"f:35:58:35:73":7,"s:36:4:36:Infinity":14,"s:40:2:42:Infinity":15,"f:40:2:40:18":8,"s:41:4:41:Infinity":16,"s:44:2:56:Infinity":17,"f:44:2:44:18":9,"s:45:27:53:Infinity":18,"f:46:33:46:38":10,"s:46:55:52:Infinity":19,"s:55:4:55:Infinity":20,"s:58:2:60:Infinity":21,"f:58:2:58:18":11,"s:59:4:59:Infinity":22,"s:62:8:71:Infinity":23,"f:62:8:62:28":12,"s:63:4:71:Infinity":24,"s:64:12:64:40":25,"s:65:6:65:Infinity":26,"s:67:6:67:Infinity":27,"f:67:41:67:46":13,"s:67:52:67:57":28,"s:68:6:68:Infinity":29,"s:70:6:70:Infinity":30,"b:70:63:70:77:70:77:70:95":0,"s:71:6:71:Infinity":31,"s:75:8:82:Infinity":32,"f:75:8:75:27":14,"s:76:23:76:43":33,"b:77:4:80:Infinity:79:11:80:Infinity":1,"s:77:4:80:Infinity":34,"s:78:6:78:Infinity":35,"s:80:6:80:Infinity":36,"s:82:4:82:Infinity":37,"s:85:8:89:Infinity":38,"f:85:8:85:30":15,"s:86:4:89:Infinity":39,"f:86:4:86:19":16,"s:86:29:89:7":40,"s:92:8:96:Infinity":41,"f:92:8:92:29":17,"s:93:4:96:Infinity":42,"f:93:4:93:18":18,"s:93:28:96:7":43,"s:99:8:102:Infinity":44,"f:99:8:99:28":19,"s:100:4:100:Infinity":45,"s:101:4:101:Infinity":46,"s:102:4:102:Infinity":47,"b:105:2:106:Infinity:undefined:undefined:undefined:undefined":2,"s:105:2:106:Infinity":48,"s:106:4:106:Infinity":49,"s:109:2:164:Infinity":50,"b:118:7:118:16:118:16:118:Infinity":3,"f:132:39:132:44":20,"s:132:61:132:88":51,"f:135:39:135:44":21,"s:135:61:135:88":52,"f:143:12:143:27":22,"s:143:27:143:73":53,"b:147:38:147:44:147:44:147:Infinity":4,"b:152:11:152:Infinity:153:12:164:Infinity":5,"f:155:17:155:25":23,"s:155:33:155:56":54,"f:156:17:156:22":24,"s:157:18:162:Infinity":55}}}
,"/home/pachwenko/Projects/miata-logs/frontend/src/components/CombinedChart.tsx": {"path":"/home/pachwenko/Projects/miata-logs/frontend/src/components/CombinedChart.tsx","statementMap":{"0":{"start":{"line":28,"column":8},"end":{"line":28,"column":51}},"1":{"start":{"line":29,"column":17},"end":{"line":35,"column":null}},"2":{"start":{"line":30,"column":39},"end":{"line":30,"column":41}},"3":{"start":{"line":31,"column":4},"end":{"line":33,"column":null}},"4":{"start":{"line":32,"column":6},"end":{"line":32,"column":null}},"5":{"start":{"line":34,"column":4},"end":{"line":34,"column":null}},"6":{"start":{"line":36,"column":21},"end":{"line":36,"column":53}},"7":{"start":{"line":38,"column":27},"end":{"line":38,"column":68}},"8":{"start":{"line":38,"column":46},"end":{"line":38,"column":67}},"9":{"start":{"line":40,"column":2},"end":{"line":105,"column":null}},"10":{"start":{"line":41,"column":4},"end":{"line":41,"column":null}},"11":{"start":{"line":41,"column":64},"end":{"line":41,"column":null}},"12":{"start":{"line":43,"column":19},"end":{"line":62,"column":null}},"13":{"start":{"line":44,"column":20},"end":{"line":44,"column":50}},"14":{"start":{"line":44,"column":43},"end":{"line":44,"column":50}},"15":{"start":{"line":45,"column":21},"end":{"line":45,"column":52}},"16":{"start":{"line":45,"column":44},"end":{"line":45,"column":52}},"17":{"start":{"line":46,"column":19},"end":{"line":46,"column":44}},"18":{"start":{"line":47,"column":25},"end":{"line":47,"column":71}},"19":{"start":{"line":47,"column":37},"end":{"line":47,"column":70}},"20":{"start":{"line":49,"column":26},"end":{"line":49,"column":null}},"21":{"start":{"line":51,"column":6},"end":{"line":61,"column":null}},"22":{"start":{"line":64,"column":19},"end":{"line":90,"column":null}},"23":{"start":{"line":92,"column":19},"end":{"line":96,"column":null}},"24":{"start":{"line":98,"column":4},"end":{"line":98,"column":null}},"25":{"start":{"line":100,"column":4},"end":{"line":102,"column":null}},"26":{"start":{"line":101,"column":6},"end":{"line":102,"column":null}},"27":{"start":{"line":102,"column":8},"end":{"line":102,"column":null}},"28":{"start":{"line":107,"column":8},"end":{"line":109,"column":null}},"29":{"start":{"line":108,"column":4},"end":{"line":108,"column":null}},"30":{"start":{"line":108,"column":25},"end":{"line":108,"column":57}},"31":{"start":{"line":109,"column":4},"end":{"line":109,"column":null}},"32":{"start":{"line":112,"column":2},"end":{"line":147,"column":null}},"33":{"start":{"line":118,"column":25},"end":{"line":118,"column":51}},"34":{"start":{"line":129,"column":14},"end":{"line":141,"column":null}},"35":{"start":{"line":137,"column":37},"end":{"line":137,"column":78}}},"fnMap":{"0":{"name":"CombinedChart","decl":{"start":{"line":20,"column":16},"end":{"line":20,"column":30}},"loc":{"start":{"line":27,"column":23},"end":{"line":147,"column":null}},"line":27},"1":{"name":"(anonymous_1)","decl":{"start":{"line":29,"column":30},"end":{"line":29,"column":61}},"loc":{"start":{"line":29,"column":61},"end":{"line":35,"column":null}},"line":29},"2":{"name":"(anonymous_2)","decl":{"start":{"line":31,"column":9},"end":{"line":31,"column":18}},"loc":{"start":{"line":31,"column":26},"end":{"line":33,"column":null}},"line":31},"3":{"name":"(anonymous_3)","decl":{"start":{"line":38,"column":32},"end":{"line":38,"column":40}},"loc":{"start":{"line":38,"column":46},"end":{"line":38,"column":67}},"line":38},"4":{"name":"(anonymous_4)","decl":{"start":{"line":40,"column":2},"end":{"line":40,"column":18}},"loc":{"start":{"line":40,"column":18},"end":{"line":105,"column":6}},"line":40},"5":{"name":"(anonymous_5)","decl":{"start":{"line":43,"column":36},"end":{"line":43,"column":41}},"loc":{"start":{"line":43,"column":49},"end":{"line":62,"column":null}},"line":43},"6":{"name":"(anonymous_6)","decl":{"start":{"line":44,"column":32},"end":{"line":44,"column":37}},"loc":{"start":{"line":44,"column":43},"end":{"line":44,"column":50}},"line":44},"7":{"name":"(anonymous_7)","decl":{"start":{"line":45,"column":33},"end":{"line":45,"column":38}},"loc":{"start":{"line":45,"column":44},"end":{"line":45,"column":52}},"line":45},"8":{"name":"(anonymous_8)","decl":{"start":{"line":47,"column":32},"end":{"line":47,"column":37}},"loc":{"start":{"line":47,"column":37},"end":{"line":47,"column":70}},"line":47},"9":{"name":"(anonymous_9)","decl":{"start":{"line":100,"column":4},"end":{"line":100,"column":17}},"loc":{"start":{"line":100,"column":17},"end":{"line":102,"column":null}},"line":100},"10":{"name":"(anonymous_10)","decl":{"start":{"line":107,"column":8},"end":{"line":107,"column":29}},"loc":{"start":{"line":107,"column":65},"end":{"line":109,"column":null}},"line":107},"11":{"name":"(anonymous_11)","decl":{"start":{"line":108,"column":4},"end":{"line":108,"column":15}},"loc":{"start":{"line":108,"column":25},"end":{"line":108,"column":57}},"line":108},"12":{"name":"(anonymous_12)","decl":{"start":{"line":118,"column":10},"end":{"line":118,"column":25}},"loc":{"start":{"line":118,"column":25},"end":{"line":118,"column":51}},"line":118},"13":{"name":"(anonymous_13)","decl":{"start":{"line":128,"column":30},"end":{"line":128,"column":35}},"loc":{"start":{"line":129,"column":14},"end":{"line":141,"column":null}},"line":129},"14":{"name":"(anonymous_14)","decl":{"start":{"line":137,"column":20},"end":{"line":137,"column":31}},"loc":{"start":{"line":137,"column":37},"end":{"line":137,"column":78}},"line":137}},"branchMap":{"0":{"loc":{"start":{"line":32,"column":27},"end":{"line":32,"column":67}},"type":"binary-expr","locations":[{"start":{"line":32,"column":27},"end":{"line":32,"column":54}},{"start":{"line":32,"column":47},"end":{"line":32,"column":67}}],"line":32},"1":{"loc":{"start":{"line":41,"column":4},"end":{"line":41,"column":null}},"type":"if","locations":[{"start":{"line":41,"column":4},"end":{"line":41,"column":null}},{"start":{},"end":{}}],"line":41},"2":{"loc":{"start":{"line":41,"column":8},"end":{"line":41,"column":64}},"type":"binary-expr","locations":[{"start":{"line":41,"column":8},"end":{"line":41,"column":33}},{"start":{"line":41,"column":33},"end":{"line":41,"column":64}}],"line":41},"3":{"loc":{"start":{"line":49,"column":26},"end":{"line":49,"column":null}},"type":"binary-expr","locations":[{"start":{"line":49,"column":26},"end":{"line":49,"column":51}},{"start":{"line":49,"column":51},"end":{"line":49,"column":null}}],"line":49},"4":{"loc":{"start":{"line":101,"column":6},"end":{"line":102,"column":null}},"type":"if","locations":[{"start":{"line":101,"column":6},"end":{"line":102,"column":null}},{"start":{},"end":{}}],"line":101},"5":{"loc":{"start":{"line":125,"column":7},"end":{"line":144,"column":null}},"type":"binary-expr","locations":[{"start":{"line":125,"column":7},"end":{"line":125,"column":null}},{"start":{"line":126,"column":8},"end":{"line":144,"column":null}}],"line":125},"6":{"loc":{"start":{"line":132,"column":21},"end":{"line":132,"column":null}},"type":"binary-expr","locations":[{"start":{"line":132,"column":21},"end":{"line":132,"column":46}},{"start":{"line":132,"column":46},"end":{"line":132,"column":null}}],"line":132}},"s":{"0":0,"1":0,"2":0,"3":0,"4":0,"5":0,"6":0,"7":0,"8":0,"9":0,"10":0,"11":0,"12":0,"13":0,"14":0,"15":0,"16":0,"17":0,"18":0,"19":0,"20":0,"21":0,"22":0,"23":0,"24":0,"25":0,"26":0,"27":0,"28":0,"29":0,"30":0,"31":0,"32":0,"33":0,"34":0,"35":0},"f":{"0":0,"1":0,"2":0,"3":0,"4":0,"5":0,"6":0,"7":0,"8":0,"9":0,"10":0,"11":0,"12":0,"13":0,"14":0},"b":{"0":[0,0],"1":[0,0],"2":[0,0],"3":[0,0],"4":[0,0],"5":[0,0],"6":[0,0]},"meta":{"lastBranch":7,"lastFunction":15,"lastStatement":36,"seen":{"f:20:16:20:30":0,"s:28:8:28:51":0,"s:29:17:35:Infinity":1,"f:29:30:29:61":1,"s:30:39:30:41":2,"s:31:4:33:Infinity":3,"f:31:9:31:18":2,"s:32:6:32:Infinity":4,"b:32:27:32:54:32:47:32:67":0,"s:34:4:34:Infinity":5,"s:36:21:36:53":6,"s:38:27:38:68":7,"f:38:32:38:40":3,"s:38:46:38:67":8,"s:40:2:105:Infinity":9,"f:40:2:40:18":4,"b:41:4:41:Infinity:undefined:undefined:undefined:undefined":1,"s:41:4:41:Infinity":10,"b:41:8:41:33:41:33:41:64":2,"s:41:64:41:Infinity":11,"s:43:19:62:Infinity":12,"f:43:36:43:41":5,"s:44:20:44:50":13,"f:44:32:44:37":6,"s:44:43:44:50":14,"s:45:21:45:52":15,"f:45:33:45:38":7,"s:45:44:45:52":16,"s:46:19:46:44":17,"s:47:25:47:71":18,"f:47:32:47:37":8,"s:47:37:47:70":19,"s:49:26:49:Infinity":20,"b:49:26:49:51:49:51:49:Infinity":3,"s:51:6:61:Infinity":21,"s:64:19:90:Infinity":22,"s:92:19:96:Infinity":23,"s:98:4:98:Infinity":24,"s:100:4:102:Infinity":25,"f:100:4:100:17":9,"b:101:6:102:Infinity:undefined:undefined:undefined:undefined":4,"s:101:6:102:Infinity":26,"s:102:8:102:Infinity":27,"s:107:8:109:Infinity":28,"f:107:8:107:29":10,"s:108:4:108:Infinity":29,"f:108:4:108:15":11,"s:108:25:108:57":30,"s:109:4:109:Infinity":31,"s:112:2:147:Infinity":32,"f:118:10:118:25":12,"s:118:25:118:51":33,"b:125:7:125:Infinity:126:8:144:Infinity":5,"f:128:30:128:35":13,"s:129:14:141:Infinity":34,"b:132:21:132:46:132:46:132:Infinity":6,"f:137:20:137:31":14,"s:137:37:137:78":35}}}
,"/home/pachwenko/Projects/miata-logs/frontend/src/components/FileUpload.tsx": {"path":"/home/pachwenko/Projects/miata-logs/frontend/src/components/FileUpload.tsx","statementMap":{"0":{"start":{"line":9,"column":8},"end":{"line":9,"column":49}},"1":{"start":{"line":11,"column":8},"end":{"line":13,"column":null}},"2":{"start":{"line":12,"column":4},"end":{"line":12,"column":null}},"3":{"start":{"line":13,"column":4},"end":{"line":13,"column":null}},"4":{"start":{"line":16,"column":8},"end":{"line":21,"column":null}},"5":{"start":{"line":17,"column":4},"end":{"line":17,"column":null}},"6":{"start":{"line":18,"column":4},"end":{"line":18,"column":null}},"7":{"start":{"line":19,"column":17},"end":{"line":19,"column":null}},"8":{"start":{"line":20,"column":4},"end":{"line":21,"column":null}},"9":{"start":{"line":21,"column":6},"end":{"line":21,"column":null}},"10":{"start":{"line":25,"column":8},"end":{"line":28,"column":null}},"11":{"start":{"line":26,"column":17},"end":{"line":26,"column":null}},"12":{"start":{"line":27,"column":4},"end":{"line":28,"column":null}},"13":{"start":{"line":28,"column":6},"end":{"line":28,"column":null}},"14":{"start":{"line":32,"column":8},"end":{"line":38,"column":null}},"15":{"start":{"line":33,"column":19},"end":{"line":33,"column":35}},"16":{"start":{"line":34,"column":4},"end":{"line":36,"column":null}},"17":{"start":{"line":35,"column":22},"end":{"line":35,"column":null}},"18":{"start":{"line":36,"column":6},"end":{"line":36,"column":null}},"19":{"start":{"line":38,"column":4},"end":{"line":38,"column":null}},"20":{"start":{"line":41,"column":2},"end":{"line":61,"column":null}},"21":{"start":{"line":47,"column":23},"end":{"line":47,"column":48}}},"fnMap":{"0":{"name":"FileUpload","decl":{"start":{"line":8,"column":16},"end":{"line":8,"column":27}},"loc":{"start":{"line":8,"column":62},"end":{"line":61,"column":null}},"line":8},"1":{"name":"(anonymous_1)","decl":{"start":{"line":11,"column":8},"end":{"line":11,"column":26}},"loc":{"start":{"line":11,"column":65},"end":{"line":13,"column":null}},"line":11},"2":{"name":"(anonymous_2)","decl":{"start":{"line":16,"column":8},"end":{"line":16,"column":22}},"loc":{"start":{"line":16,"column":61},"end":{"line":21,"column":null}},"line":16},"3":{"name":"(anonymous_3)","decl":{"start":{"line":25,"column":8},"end":{"line":25,"column":27}},"loc":{"start":{"line":25,"column":70},"end":{"line":28,"column":null}},"line":25},"4":{"name":"(anonymous_4)","decl":{"start":{"line":32,"column":8},"end":{"line":32,"column":20}},"loc":{"start":{"line":32,"column":35},"end":{"line":38,"column":null}},"line":32},"5":{"name":"(anonymous_5)","decl":{"start":{"line":34,"column":11},"end":{"line":34,"column":21}},"loc":{"start":{"line":34,"column":27},"end":{"line":36,"column":null}},"line":34},"6":{"name":"(anonymous_6)","decl":{"start":{"line":47,"column":8},"end":{"line":47,"column":23}},"loc":{"start":{"line":47,"column":23},"end":{"line":47,"column":48}},"line":47}},"branchMap":{"0":{"loc":{"start":{"line":20,"column":4},"end":{"line":21,"column":null}},"type":"if","locations":[{"start":{"line":20,"column":4},"end":{"line":21,"column":null}},{"start":{},"end":{}}],"line":20},"1":{"loc":{"start":{"line":27,"column":4},"end":{"line":28,"column":null}},"type":"if","locations":[{"start":{"line":27,"column":4},"end":{"line":28,"column":null}},{"start":{},"end":{}}],"line":27}},"s":{"0":0,"1":0,"2":0,"3":0,"4":0,"5":0,"6":0,"7":0,"8":0,"9":0,"10":0,"11":0,"12":0,"13":0,"14":0,"15":0,"16":0,"17":0,"18":0,"19":0,"20":0,"21":0},"f":{"0":0,"1":0,"2":0,"3":0,"4":0,"5":0,"6":0},"b":{"0":[0,0],"1":[0,0]},"meta":{"lastBranch":2,"lastFunction":7,"lastStatement":22,"seen":{"f:8:16:8:27":0,"s:9:8:9:49":0,"s:11:8:13:Infinity":1,"f:11:8:11:26":1,"s:12:4:12:Infinity":2,"s:13:4:13:Infinity":3,"s:16:8:21:Infinity":4,"f:16:8:16:22":2,"s:17:4:17:Infinity":5,"s:18:4:18:Infinity":6,"s:19:17:19:Infinity":7,"b:20:4:21:Infinity:undefined:undefined:undefined:undefined":0,"s:20:4:21:Infinity":8,"s:21:6:21:Infinity":9,"s:25:8:28:Infinity":10,"f:25:8:25:27":3,"s:26:17:26:Infinity":11,"b:27:4:28:Infinity:undefined:undefined:undefined:undefined":1,"s:27:4:28:Infinity":12,"s:28:6:28:Infinity":13,"s:32:8:38:Infinity":14,"f:32:8:32:20":4,"s:33:19:33:35":15,"s:34:4:36:Infinity":16,"f:34:11:34:21":5,"s:35:22:35:Infinity":17,"s:36:6:36:Infinity":18,"s:38:4:38:Infinity":19,"s:41:2:61:Infinity":20,"f:47:8:47:23":6,"s:47:23:47:48":21}}}
,"/home/pachwenko/Projects/miata-logs/frontend/src/components/LogInfo.tsx": {"path":"/home/pachwenko/Projects/miata-logs/frontend/src/components/LogInfo.tsx","statementMap":{"0":{"start":{"line":9,"column":15},"end":{"line":9,"column":39}},"1":{"start":{"line":10,"column":18},"end":{"line":10,"column":39}},"2":{"start":{"line":12,"column":2},"end":{"line":32,"column":null}}},"fnMap":{"0":{"name":"LogInfo","decl":{"start":{"line":8,"column":16},"end":{"line":8,"column":24}},"loc":{"start":{"line":8,"column":47},"end":{"line":32,"column":null}},"line":8}},"branchMap":{},"s":{"0":0,"1":0,"2":0},"f":{"0":0},"b":{},"meta":{"lastBranch":0,"lastFunction":1,"lastStatement":3,"seen":{"f:8:16:8:24":0,"s:9:15:9:39":0,"s:10:18:10:39":1,"s:12:2:32:Infinity":2}}}
,"/home/pachwenko/Projects/miata-logs/frontend/src/components/PidChart.tsx": {"path":"/home/pachwenko/Projects/miata-logs/frontend/src/components/PidChart.tsx","statementMap":{"0":{"start":{"line":15,"column":8},"end":{"line":15,"column":51}},"1":{"start":{"line":17,"column":22},"end":{"line":17,"column":null}},"2":{"start":{"line":18,"column":22},"end":{"line":18,"column":null}},"3":{"start":{"line":20,"column":2},"end":{"line":69,"column":null}},"4":{"start":{"line":21,"column":4},"end":{"line":21,"column":null}},"5":{"start":{"line":21,"column":31},"end":{"line":21,"column":null}},"6":{"start":{"line":23,"column":18},"end":{"line":23,"column":48}},"7":{"start":{"line":23,"column":41},"end":{"line":23,"column":48}},"8":{"start":{"line":24,"column":19},"end":{"line":24,"column":50}},"9":{"start":{"line":24,"column":42},"end":{"line":24,"column":50}},"10":{"start":{"line":26,"column":18},"end":{"line":36,"column":null}},"11":{"start":{"line":38,"column":19},"end":{"line":55,"column":null}},"12":{"start":{"line":57,"column":19},"end":{"line":60,"column":null}},"13":{"start":{"line":62,"column":4},"end":{"line":62,"column":null}},"14":{"start":{"line":64,"column":4},"end":{"line":66,"column":null}},"15":{"start":{"line":65,"column":6},"end":{"line":66,"column":null}},"16":{"start":{"line":66,"column":8},"end":{"line":66,"column":null}},"17":{"start":{"line":71,"column":17},"end":{"line":71,"column":48}},"18":{"start":{"line":71,"column":40},"end":{"line":71,"column":48}},"19":{"start":{"line":72,"column":8},"end":{"line":72,"column":38}},"20":{"start":{"line":74,"column":2},"end":{"line":77,"column":null}}},"fnMap":{"0":{"name":"PidChart","decl":{"start":{"line":14,"column":16},"end":{"line":14,"column":25}},"loc":{"start":{"line":14,"column":73},"end":{"line":77,"column":null}},"line":14},"1":{"name":"(anonymous_1)","decl":{"start":{"line":20,"column":2},"end":{"line":20,"column":18}},"loc":{"start":{"line":20,"column":18},"end":{"line":69,"column":6}},"line":20},"2":{"name":"(anonymous_2)","decl":{"start":{"line":23,"column":30},"end":{"line":23,"column":35}},"loc":{"start":{"line":23,"column":41},"end":{"line":23,"column":48}},"line":23},"3":{"name":"(anonymous_3)","decl":{"start":{"line":24,"column":31},"end":{"line":24,"column":36}},"loc":{"start":{"line":24,"column":42},"end":{"line":24,"column":50}},"line":24},"4":{"name":"(anonymous_4)","decl":{"start":{"line":64,"column":4},"end":{"line":64,"column":17}},"loc":{"start":{"line":64,"column":17},"end":{"line":66,"column":null}},"line":64},"5":{"name":"(anonymous_5)","decl":{"start":{"line":71,"column":29},"end":{"line":71,"column":34}},"loc":{"start":{"line":71,"column":40},"end":{"line":71,"column":48}},"line":71}},"branchMap":{"0":{"loc":{"start":{"line":17,"column":22},"end":{"line":17,"column":null}},"type":"binary-expr","locations":[{"start":{"line":17,"column":22},"end":{"line":17,"column":36}},{"start":{"line":17,"column":36},"end":{"line":17,"column":null}}],"line":17},"1":{"loc":{"start":{"line":18,"column":22},"end":{"line":18,"column":null}},"type":"cond-expr","locations":[{"start":{"line":18,"column":49},"end":{"line":18,"column":62}},{"start":{"line":18,"column":62},"end":{"line":18,"column":null}}],"line":18},"2":{"loc":{"start":{"line":21,"column":4},"end":{"line":21,"column":null}},"type":"if","locations":[{"start":{"line":21,"column":4},"end":{"line":21,"column":null}},{"start":{},"end":{}}],"line":21},"3":{"loc":{"start":{"line":40,"column":32},"end":{"line":40,"column":null}},"type":"cond-expr","locations":[{"start":{"line":40,"column":46},"end":{"line":40,"column":67}},{"start":{"line":40,"column":67},"end":{"line":40,"column":null}}],"line":40},"4":{"loc":{"start":{"line":48,"column":15},"end":{"line":48,"column":null}},"type":"binary-expr","locations":[{"start":{"line":48,"column":15},"end":{"line":48,"column":30}},{"start":{"line":48,"column":30},"end":{"line":48,"column":null}}],"line":48},"5":{"loc":{"start":{"line":65,"column":6},"end":{"line":66,"column":null}},"type":"if","locations":[{"start":{"line":65,"column":6},"end":{"line":66,"column":null}},{"start":{},"end":{}}],"line":65}},"s":{"0":0,"1":0,"2":0,"3":0,"4":0,"5":0,"6":0,"7":0,"8":0,"9":0,"10":0,"11":0,"12":0,"13":0,"14":0,"15":0,"16":0,"17":0,"18":0,"19":0,"20":0},"f":{"0":0,"1":0,"2":0,"3":0,"4":0,"5":0},"b":{"0":[0,0],"1":[0,0],"2":[0,0],"3":[0,0],"4":[0,0],"5":[0,0]},"meta":{"lastBranch":6,"lastFunction":6,"lastStatement":21,"seen":{"f:14:16:14:25":0,"s:15:8:15:51":0,"s:17:22:17:Infinity":1,"b:17:22:17:36:17:36:17:Infinity":0,"s:18:22:18:Infinity":2,"b:18:49:18:62:18:62:18:Infinity":1,"s:20:2:69:Infinity":3,"f:20:2:20:18":1,"b:21:4:21:Infinity:undefined:undefined:undefined:undefined":2,"s:21:4:21:Infinity":4,"s:21:31:21:Infinity":5,"s:23:18:23:48":6,"f:23:30:23:35":2,"s:23:41:23:48":7,"s:24:19:24:50":8,"f:24:31:24:36":3,"s:24:42:24:50":9,"s:26:18:36:Infinity":10,"s:38:19:55:Infinity":11,"b:40:46:40:67:40:67:40:Infinity":3,"b:48:15:48:30:48:30:48:Infinity":4,"s:57:19:60:Infinity":12,"s:62:4:62:Infinity":13,"s:64:4:66:Infinity":14,"f:64:4:64:17":4,"b:65:6:66:Infinity:undefined:undefined:undefined:undefined":5,"s:65:6:66:Infinity":15,"s:66:8:66:Infinity":16,"s:71:17:71:48":17,"f:71:29:71:34":5,"s:71:40:71:48":18,"s:72:8:72:38":19,"s:74:2:77:Infinity":20}}}
,"/home/pachwenko/Projects/miata-logs/frontend/src/components/PidConfigPanel.tsx": {"path":"/home/pachwenko/Projects/miata-logs/frontend/src/components/PidConfigPanel.tsx","statementMap":{"0":{"start":{"line":20,"column":17},"end":{"line":20,"column":45}},"1":{"start":{"line":22,"column":2},"end":{"line":84,"column":null}},"2":{"start":{"line":26,"column":23},"end":{"line":26,"column":41}},"3":{"start":{"line":47,"column":31},"end":{"line":47,"column":null}},"4":{"start":{"line":48,"column":16},"end":{"line":79,"column":null}},"5":{"start":{"line":56,"column":26},"end":{"line":59,"column":null}},"6":{"start":{"line":70,"column":26},"end":{"line":73,"column":null}}},"fnMap":{"0":{"name":"PidConfigPanel","decl":{"start":{"line":15,"column":16},"end":{"line":15,"column":31}},"loc":{"start":{"line":19,"column":24},"end":{"line":84,"column":null}},"line":19},"1":{"name":"(anonymous_1)","decl":{"start":{"line":26,"column":8},"end":{"line":26,"column":23}},"loc":{"start":{"line":26,"column":23},"end":{"line":26,"column":41}},"line":26},"2":{"name":"(anonymous_2)","decl":{"start":{"line":46,"column":20},"end":{"line":46,"column":25}},"loc":{"start":{"line":46,"column":33},"end":{"line":81,"column":null}},"line":46},"3":{"name":"(anonymous_3)","decl":{"start":{"line":55,"column":24},"end":{"line":55,"column":35}},"loc":{"start":{"line":56,"column":26},"end":{"line":59,"column":null}},"line":56},"4":{"name":"(anonymous_4)","decl":{"start":{"line":69,"column":24},"end":{"line":69,"column":35}},"loc":{"start":{"line":70,"column":26},"end":{"line":73,"column":null}},"line":70}},"branchMap":{"0":{"loc":{"start":{"line":30,"column":11},"end":{"line":30,"column":null}},"type":"cond-expr","locations":[{"start":{"line":30,"column":20},"end":{"line":30,"column":26}},{"start":{"line":30,"column":26},"end":{"line":30,"column":null}}],"line":30},"1":{"loc":{"start":{"line":35,"column":7},"end":{"line":84,"column":null}},"type":"binary-expr","locations":[{"start":{"line":35,"column":7},"end":{"line":35,"column":null}},{"start":{"line":36,"column":8},"end":{"line":84,"column":null}}],"line":35},"2":{"loc":{"start":{"line":54,"column":31},"end":{"line":54,"column":null}},"type":"binary-expr","locations":[{"start":{"line":54,"column":31},"end":{"line":54,"column":47}},{"start":{"line":54,"column":47},"end":{"line":54,"column":null}}],"line":54},"3":{"loc":{"start":{"line":59,"column":28},"end":{"line":59,"column":null}},"type":"binary-expr","locations":[{"start":{"line":59,"column":28},"end":{"line":59,"column":44}},{"start":{"line":59,"column":44},"end":{"line":59,"column":null}}],"line":59},"4":{"loc":{"start":{"line":68,"column":31},"end":{"line":68,"column":null}},"type":"binary-expr","locations":[{"start":{"line":68,"column":31},"end":{"line":68,"column":47}},{"start":{"line":68,"column":47},"end":{"line":68,"column":null}}],"line":68},"5":{"loc":{"start":{"line":72,"column":28},"end":{"line":72,"column":null}},"type":"binary-expr","locations":[{"start":{"line":72,"column":28},"end":{"line":72,"column":44}},{"start":{"line":72,"column":44},"end":{"line":72,"column":null}}],"line":72}},"s":{"0":0,"1":0,"2":0,"3":0,"4":0,"5":0,"6":0},"f":{"0":0,"1":0,"2":0,"3":0,"4":0},"b":{"0":[0,0],"1":[0,0],"2":[0,0],"3":[0,0],"4":[0,0],"5":[0,0]},"meta":{"lastBranch":6,"lastFunction":5,"lastStatement":7,"seen":{"f:15:16:15:31":0,"s:20:17:20:45":0,"s:22:2:84:Infinity":1,"f:26:8:26:23":1,"s:26:23:26:41":2,"b:30:20:30:26:30:26:30:Infinity":0,"b:35:7:35:Infinity:36:8:84:Infinity":1,"f:46:20:46:25":2,"s:47:31:47:Infinity":3,"s:48:16:79:Infinity":4,"b:54:31:54:47:54:47:54:Infinity":2,"f:55:24:55:35":3,"s:56:26:59:Infinity":5,"b:59:28:59:44:59:44:59:Infinity":3,"b:68:31:68:47:68:47:68:Infinity":4,"f:69:24:69:35":4,"s:70:26:73:Infinity":6,"b:72:28:72:44:72:44:72:Infinity":5}}}
,"/home/pachwenko/Projects/miata-logs/frontend/src/components/PidSelector.tsx": {"path":"/home/pachwenko/Projects/miata-logs/frontend/src/components/PidSelector.tsx","statementMap":{"0":{"start":{"line":11,"column":2},"end":{"line":28,"column":null}},"1":{"start":{"line":16,"column":10},"end":{"line":26,"column":null}},"2":{"start":{"line":20,"column":30},"end":{"line":20,"column":null}}},"fnMap":{"0":{"name":"PidSelector","decl":{"start":{"line":10,"column":16},"end":{"line":10,"column":28}},"loc":{"start":{"line":10,"column":79},"end":{"line":28,"column":null}},"line":10},"1":{"name":"(anonymous_1)","decl":{"start":{"line":15,"column":14},"end":{"line":15,"column":19}},"loc":{"start":{"line":16,"column":10},"end":{"line":26,"column":null}},"line":16},"2":{"name":"(anonymous_2)","decl":{"start":{"line":20,"column":14},"end":{"line":20,"column":30}},"loc":{"start":{"line":20,"column":30},"end":{"line":20,"column":null}},"line":20}},"branchMap":{"0":{"loc":{"start":{"line":24,"column":15},"end":{"line":24,"column":null}},"type":"binary-expr","locations":[{"start":{"line":24,"column":15},"end":{"line":24,"column":27}},{"start":{"line":24,"column":27},"end":{"line":24,"column":null}}],"line":24}},"s":{"0":0,"1":0,"2":0},"f":{"0":0,"1":0,"2":0},"b":{"0":[0,0]},"meta":{"lastBranch":1,"lastFunction":3,"lastStatement":3,"seen":{"f:10:16:10:28":0,"s:11:2:28:Infinity":0,"f:15:14:15:19":1,"s:16:10:26:Infinity":1,"f:20:14:20:30":2,"s:20:30:20:Infinity":2,"b:24:15:24:27:24:27:24:Infinity":0}}}
,"/home/pachwenko/Projects/miata-logs/frontend/src/components/PidStats.tsx": {"path":"/home/pachwenko/Projects/miata-logs/frontend/src/components/PidStats.tsx","statementMap":{"0":{"start":{"line":10,"column":2},"end":{"line":37,"column":null}}},"fnMap":{"0":{"name":"PidStats","decl":{"start":{"line":9,"column":16},"end":{"line":9,"column":25}},"loc":{"start":{"line":9,"column":57},"end":{"line":37,"column":null}},"line":9}},"branchMap":{"0":{"loc":{"start":{"line":16,"column":11},"end":{"line":16,"column":null}},"type":"binary-expr","locations":[{"start":{"line":16,"column":11},"end":{"line":16,"column":19}},{"start":{"line":16,"column":19},"end":{"line":16,"column":null}}],"line":16},"1":{"loc":{"start":{"line":23,"column":11},"end":{"line":23,"column":null}},"type":"binary-expr","locations":[{"start":{"line":23,"column":11},"end":{"line":23,"column":19}},{"start":{"line":23,"column":19},"end":{"line":23,"column":null}}],"line":23},"2":{"loc":{"start":{"line":30,"column":11},"end":{"line":30,"column":null}},"type":"binary-expr","locations":[{"start":{"line":30,"column":11},"end":{"line":30,"column":19}},{"start":{"line":30,"column":19},"end":{"line":30,"column":null}}],"line":30},"3":{"loc":{"start":{"line":37,"column":11},"end":{"line":37,"column":null}},"type":"binary-expr","locations":[{"start":{"line":37,"column":11},"end":{"line":37,"column":19}},{"start":{"line":37,"column":19},"end":{"line":37,"column":null}}],"line":37}},"s":{"0":0},"f":{"0":0},"b":{"0":[0,0],"1":[0,0],"2":[0,0],"3":[0,0]},"meta":{"lastBranch":4,"lastFunction":1,"lastStatement":1,"seen":{"f:9:16:9:25":0,"s:10:2:37:Infinity":0,"b:16:11:16:19:16:19:16:Infinity":0,"b:23:11:23:19:23:19:23:Infinity":1,"b:30:11:30:19:30:19:30:Infinity":2,"b:37:11:37:19:37:19:37:Infinity":3}}}
,"/home/pachwenko/Projects/miata-logs/frontend/src/parser/LogParser.ts": {"path":"/home/pachwenko/Projects/miata-logs/frontend/src/parser/LogParser.ts","statementMap":{"0":{"start":{"line":51,"column":17},"end":{"line":54,"column":4}},"1":{"start":{"line":56,"column":26},"end":{"line":56,"column":50}},"2":{"start":{"line":57,"column":18},"end":{"line":57,"column":null}},"3":{"start":{"line":59,"column":19},"end":{"line":61,"column":24}},"4":{"start":{"line":63,"column":28},"end":{"line":80,"column":null}},"5":{"start":{"line":64,"column":18},"end":{"line":64,"column":46}},"6":{"start":{"line":65,"column":24},"end":{"line":67,"column":23}},"7":{"start":{"line":69,"column":33},"end":{"line":72,"column":7}},"8":{"start":{"line":69,"column":62},"end":{"line":72,"column":7}},"9":{"start":{"line":74,"column":4},"end":{"line":79,"column":null}},"10":{"start":{"line":82,"column":2},"end":{"line":88,"column":null}}},"fnMap":{"0":{"name":"parseVTLog","decl":{"start":{"line":50,"column":16},"end":{"line":50,"column":27}},"loc":{"start":{"line":50,"column":58},"end":{"line":88,"column":null}},"line":50},"1":{"name":"(anonymous_1)","decl":{"start":{"line":63,"column":37},"end":{"line":63,"column":42}},"loc":{"start":{"line":63,"column":53},"end":{"line":80,"column":null}},"line":63},"2":{"name":"(anonymous_2)","decl":{"start":{"line":69,"column":45},"end":{"line":69,"column":50}},"loc":{"start":{"line":69,"column":62},"end":{"line":72,"column":7}},"line":69}},"branchMap":{"0":{"loc":{"start":{"line":59,"column":19},"end":{"line":61,"column":24}},"type":"cond-expr","locations":[{"start":{"line":60,"column":6},"end":{"line":60,"column":null}},{"start":{"line":61,"column":6},"end":{"line":61,"column":24}}],"line":59},"1":{"loc":{"start":{"line":65,"column":24},"end":{"line":67,"column":23}},"type":"cond-expr","locations":[{"start":{"line":66,"column":8},"end":{"line":66,"column":null}},{"start":{"line":67,"column":8},"end":{"line":67,"column":23}}],"line":65}},"s":{"0":6,"1":6,"2":6,"3":6,"4":6,"5":8,"6":8,"7":8,"8":20,"9":8,"10":6},"f":{"0":6,"1":8,"2":20},"b":{"0":[4,0],"1":[8,0]},"meta":{"lastBranch":2,"lastFunction":3,"lastStatement":11,"seen":{"f:50:16:50:27":0,"s:51:17:54:4":0,"s:56:26:56:50":1,"s:57:18:57:Infinity":2,"s:59:19:61:24":3,"b:60:6:60:Infinity:61:6:61:24":0,"s:63:28:80:Infinity":4,"f:63:37:63:42":1,"s:64:18:64:46":5,"s:65:24:67:23":6,"b:66:8:66:Infinity:67:8:67:23":1,"s:69:33:72:7":7,"f:69:45:69:50":2,"s:69:62:72:7":8,"s:74:4:79:Infinity":9,"s:82:2:88:Infinity":10}}}
,"/home/pachwenko/Projects/miata-logs/frontend/src/parser/pidLookup.ts": {"path":"/home/pachwenko/Projects/miata-logs/frontend/src/parser/pidLookup.ts","statementMap":{"0":{"start":{"line":6,"column":41},"end":{"line":18,"column":null}},"1":{"start":{"line":21,"column":2},"end":{"line":21,"column":null}},"2":{"start":{"line":25,"column":2},"end":{"line":25,"column":null}},"3":{"start":{"line":29,"column":2},"end":{"line":31,"column":null}},"4":{"start":{"line":30,"column":18},"end":{"line":30,"column":35}},"5":{"start":{"line":31,"column":20},"end":{"line":31,"column":26}}},"fnMap":{"0":{"name":"getPidName","decl":{"start":{"line":20,"column":16},"end":{"line":20,"column":27}},"loc":{"start":{"line":20,"column":50},"end":{"line":21,"column":null}},"line":20},"1":{"name":"getPidUnit","decl":{"start":{"line":24,"column":16},"end":{"line":24,"column":27}},"loc":{"start":{"line":24,"column":50},"end":{"line":25,"column":null}},"line":24},"2":{"name":"getAllKnownPIDs","decl":{"start":{"line":28,"column":16},"end":{"line":28,"column":44}},"loc":{"start":{"line":28,"column":44},"end":{"line":31,"column":null}},"line":28},"3":{"name":"(anonymous_3)","decl":{"start":{"line":30,"column":5},"end":{"line":30,"column":10}},"loc":{"start":{"line":30,"column":18},"end":{"line":30,"column":35}},"line":30},"4":{"name":"(anonymous_4)","decl":{"start":{"line":31,"column":5},"end":{"line":31,"column":11}},"loc":{"start":{"line":31,"column":20},"end":{"line":31,"column":26}},"line":31}},"branchMap":{"0":{"loc":{"start":{"line":21,"column":9},"end":{"line":21,"column":null}},"type":"binary-expr","locations":[{"start":{"line":21,"column":9},"end":{"line":21,"column":33}},{"start":{"line":21,"column":33},"end":{"line":21,"column":null}}],"line":21},"1":{"loc":{"start":{"line":25,"column":9},"end":{"line":25,"column":null}},"type":"binary-expr","locations":[{"start":{"line":25,"column":9},"end":{"line":25,"column":33}},{"start":{"line":25,"column":33},"end":{"line":25,"column":null}}],"line":25}},"s":{"0":2,"1":13,"2":13,"3":1,"4":11,"5":10},"f":{"0":13,"1":13,"2":1,"3":11,"4":10},"b":{"0":[13,1],"1":[13,1]},"meta":{"lastBranch":2,"lastFunction":5,"lastStatement":6,"seen":{"s:6:41:18:Infinity":0,"f:20:16:20:27":0,"s:21:2:21:Infinity":1,"b:21:9:21:33:21:33:21:Infinity":0,"f:24:16:24:27":1,"s:25:2:25:Infinity":2,"b:25:9:25:33:25:33:25:Infinity":1,"f:28:16:28:44":2,"s:29:2:31:Infinity":3,"f:30:5:30:10":3,"s:30:18:30:35":4,"f:31:5:31:11":4,"s:31:20:31:26":5}}}
,"/home/pachwenko/Projects/miata-logs/frontend/src/utils/configStore.ts": {"path":"/home/pachwenko/Projects/miata-logs/frontend/src/utils/configStore.ts","statementMap":{"0":{"start":{"line":24,"column":20},"end":{"line":24,"column":null}},"1":{"start":{"line":25,"column":24},"end":{"line":25,"column":null}},"2":{"start":{"line":27,"column":34},"end":{"line":36,"column":null}},"3":{"start":{"line":42,"column":4},"end":{"line":42,"column":null}},"4":{"start":{"line":49,"column":4},"end":{"line":64,"column":null}},"5":{"start":{"line":50,"column":21},"end":{"line":50,"column":54}},"6":{"start":{"line":51,"column":6},"end":{"line":51,"column":null}},"7":{"start":{"line":51,"column":19},"end":{"line":51,"column":null}},"8":{"start":{"line":53,"column":21},"end":{"line":53,"column":39}},"9":{"start":{"line":56,"column":6},"end":{"line":58,"column":null}},"10":{"start":{"line":57,"column":8},"end":{"line":57,"column":null}},"11":{"start":{"line":58,"column":8},"end":{"line":58,"column":null}},"12":{"start":{"line":61,"column":6},"end":{"line":61,"column":null}},"13":{"start":{"line":63,"column":6},"end":{"line":63,"column":null}},"14":{"start":{"line":64,"column":6},"end":{"line":64,"column":null}},"15":{"start":{"line":72,"column":4},"end":{"line":75,"column":null}},"16":{"start":{"line":73,"column":6},"end":{"line":73,"column":null}},"17":{"start":{"line":75,"column":6},"end":{"line":75,"column":null}},"18":{"start":{"line":83,"column":4},"end":{"line":83,"column":null}},"19":{"start":{"line":90,"column":4},"end":{"line":90,"column":null}},"20":{"start":{"line":100,"column":21},"end":{"line":100,"column":63}},"21":{"start":{"line":101,"column":4},"end":{"line":104,"column":null}},"22":{"start":{"line":105,"column":4},"end":{"line":105,"column":null}},"23":{"start":{"line":114,"column":4},"end":{"line":114,"column":null}},"24":{"start":{"line":115,"column":4},"end":{"line":115,"column":null}},"25":{"start":{"line":122,"column":4},"end":{"line":122,"column":null}},"26":{"start":{"line":129,"column":4},"end":{"line":129,"column":null}},"27":{"start":{"line":130,"column":4},"end":{"line":130,"column":null}},"28":{"start":{"line":137,"column":4},"end":{"line":137,"column":null}},"29":{"start":{"line":144,"column":4},"end":{"line":146,"column":null}},"30":{"start":{"line":145,"column":6},"end":{"line":145,"column":null}},"31":{"start":{"line":146,"column":6},"end":{"line":146,"column":null}},"32":{"start":{"line":154,"column":4},"end":{"line":156,"column":null}},"33":{"start":{"line":155,"column":14},"end":{"line":155,"column":null}},"34":{"start":{"line":157,"column":4},"end":{"line":157,"column":null}},"35":{"start":{"line":164,"column":4},"end":{"line":167,"column":null}},"36":{"start":{"line":165,"column":6},"end":{"line":165,"column":null}},"37":{"start":{"line":167,"column":6},"end":{"line":167,"column":null}},"38":{"start":{"line":175,"column":4},"end":{"line":175,"column":null}},"39":{"start":{"line":182,"column":4},"end":{"line":182,"column":null}},"40":{"start":{"line":183,"column":4},"end":{"line":183,"column":null}},"41":{"start":{"line":190,"column":4},"end":{"line":190,"column":null}},"42":{"start":{"line":197,"column":4},"end":{"line":197,"column":null}},"43":{"start":{"line":198,"column":4},"end":{"line":198,"column":null}},"44":{"start":{"line":205,"column":4},"end":{"line":207,"column":null}},"45":{"start":{"line":208,"column":4},"end":{"line":208,"column":null}},"46":{"start":{"line":215,"column":4},"end":{"line":215,"column":null}},"47":{"start":{"line":222,"column":4},"end":{"line":222,"column":null}},"48":{"start":{"line":223,"column":4},"end":{"line":223,"column":null}},"49":{"start":{"line":230,"column":4},"end":{"line":230,"column":null}},"50":{"start":{"line":237,"column":4},"end":{"line":248,"column":null}},"51":{"start":{"line":238,"column":23},"end":{"line":238,"column":39}},"52":{"start":{"line":239,"column":6},"end":{"line":241,"column":null}},"53":{"start":{"line":240,"column":8},"end":{"line":240,"column":null}},"54":{"start":{"line":241,"column":8},"end":{"line":241,"column":null}},"55":{"start":{"line":243,"column":6},"end":{"line":243,"column":null}},"56":{"start":{"line":244,"column":6},"end":{"line":244,"column":null}},"57":{"start":{"line":245,"column":6},"end":{"line":245,"column":null}},"58":{"start":{"line":247,"column":6},"end":{"line":247,"column":null}},"59":{"start":{"line":248,"column":6},"end":{"line":248,"column":null}},"60":{"start":{"line":254,"column":27},"end":{"line":254,"column":44}}},"fnMap":{"0":{"name":"(anonymous_0)","decl":{"start":{"line":41,"column":2},"end":{"line":41,"column":16}},"loc":{"start":{"line":41,"column":16},"end":{"line":42,"column":null}},"line":41},"1":{"name":"(anonymous_1)","decl":{"start":{"line":48,"column":2},"end":{"line":48,"column":10}},"loc":{"start":{"line":48,"column":28},"end":{"line":64,"column":null}},"line":48},"2":{"name":"(anonymous_2)","decl":{"start":{"line":71,"column":2},"end":{"line":71,"column":10}},"loc":{"start":{"line":71,"column":23},"end":{"line":75,"column":null}},"line":71},"3":{"name":"(anonymous_3)","decl":{"start":{"line":82,"column":2},"end":{"line":82,"column":64}},"loc":{"start":{"line":82,"column":64},"end":{"line":83,"column":null}},"line":82},"4":{"name":"(anonymous_4)","decl":{"start":{"line":89,"column":2},"end":{"line":89,"column":22}},"loc":{"start":{"line":89,"column":67},"end":{"line":90,"column":null}},"line":89},"5":{"name":"(anonymous_5)","decl":{"start":{"line":96,"column":2},"end":{"line":96,"column":null}},"loc":{"start":{"line":99,"column":10},"end":{"line":105,"column":null}},"line":99},"6":{"name":"(anonymous_6)","decl":{"start":{"line":111,"column":2},"end":{"line":111,"column":23}},"loc":{"start":{"line":113,"column":11},"end":{"line":115,"column":null}},"line":113},"7":{"name":"(anonymous_7)","decl":{"start":{"line":121,"column":2},"end":{"line":121,"column":29}},"loc":{"start":{"line":121,"column":29},"end":{"line":122,"column":null}},"line":121},"8":{"name":"(anonymous_8)","decl":{"start":{"line":128,"column":2},"end":{"line":128,"column":17}},"loc":{"start":{"line":128,"column":41},"end":{"line":130,"column":null}},"line":128},"9":{"name":"(anonymous_9)","decl":{"start":{"line":136,"column":2},"end":{"line":136,"column":12}},"loc":{"start":{"line":136,"column":36},"end":{"line":137,"column":null}},"line":136},"10":{"name":"(anonymous_10)","decl":{"start":{"line":143,"column":2},"end":{"line":143,"column":10}},"loc":{"start":{"line":143,"column":31},"end":{"line":146,"column":null}},"line":143},"11":{"name":"(anonymous_11)","decl":{"start":{"line":153,"column":2},"end":{"line":153,"column":10}},"loc":{"start":{"line":153,"column":31},"end":{"line":157,"column":null}},"line":153},"12":{"name":"(anonymous_12)","decl":{"start":{"line":154,"column":54},"end":{"line":154,"column":null}},"loc":{"start":{"line":155,"column":14},"end":{"line":155,"column":null}},"line":155},"13":{"name":"(anonymous_13)","decl":{"start":{"line":163,"column":2},"end":{"line":163,"column":22}},"loc":{"start":{"line":163,"column":43},"end":{"line":167,"column":null}},"line":163},"14":{"name":"(anonymous_14)","decl":{"start":{"line":174,"column":2},"end":{"line":174,"column":37}},"loc":{"start":{"line":174,"column":37},"end":{"line":175,"column":null}},"line":174},"15":{"name":"(anonymous_15)","decl":{"start":{"line":181,"column":2},"end":{"line":181,"column":26}},"loc":{"start":{"line":181,"column":47},"end":{"line":183,"column":null}},"line":181},"16":{"name":"(anonymous_16)","decl":{"start":{"line":189,"column":2},"end":{"line":189,"column":20}},"loc":{"start":{"line":189,"column":50},"end":{"line":190,"column":null}},"line":189},"17":{"name":"(anonymous_17)","decl":{"start":{"line":196,"column":2},"end":{"line":196,"column":21}},"loc":{"start":{"line":196,"column":67},"end":{"line":198,"column":null}},"line":196},"18":{"name":"(anonymous_18)","decl":{"start":{"line":204,"column":2},"end":{"line":204,"column":24}},"loc":{"start":{"line":204,"column":51},"end":{"line":208,"column":null}},"line":204},"19":{"name":"(anonymous_19)","decl":{"start":{"line":214,"column":2},"end":{"line":214,"column":25}},"loc":{"start":{"line":214,"column":25},"end":{"line":215,"column":null}},"line":214},"20":{"name":"(anonymous_20)","decl":{"start":{"line":221,"column":2},"end":{"line":221,"column":16}},"loc":{"start":{"line":221,"column":16},"end":{"line":223,"column":null}},"line":221},"21":{"name":"(anonymous_21)","decl":{"start":{"line":229,"column":2},"end":{"line":229,"column":19}},"loc":{"start":{"line":229,"column":19},"end":{"line":230,"column":null}},"line":229},"22":{"name":"(anonymous_22)","decl":{"start":{"line":236,"column":2},"end":{"line":236,"column":9}},"loc":{"start":{"line":236,"column":32},"end":{"line":248,"column":null}},"line":236}},"branchMap":{"0":{"loc":{"start":{"line":51,"column":6},"end":{"line":51,"column":null}},"type":"if","locations":[{"start":{"line":51,"column":6},"end":{"line":51,"column":null}},{"start":{},"end":{}}],"line":51},"1":{"loc":{"start":{"line":56,"column":6},"end":{"line":58,"column":null}},"type":"if","locations":[{"start":{"line":56,"column":6},"end":{"line":58,"column":null}},{"start":{},"end":{}}],"line":56},"2":{"loc":{"start":{"line":100,"column":21},"end":{"line":100,"column":63}},"type":"binary-expr","locations":[{"start":{"line":100,"column":21},"end":{"line":100,"column":61}},{"start":{"line":100,"column":61},"end":{"line":100,"column":63}}],"line":100},"3":{"loc":{"start":{"line":144,"column":4},"end":{"line":146,"column":null}},"type":"if","locations":[{"start":{"line":144,"column":4},"end":{"line":146,"column":null}},{"start":{},"end":{}}],"line":144},"4":{"loc":{"start":{"line":164,"column":4},"end":{"line":167,"column":null}},"type":"if","locations":[{"start":{"line":164,"column":4},"end":{"line":167,"column":null}},{"start":{"line":166,"column":11},"end":{"line":167,"column":null}}],"line":164},"5":{"loc":{"start":{"line":190,"column":11},"end":{"line":190,"column":null}},"type":"binary-expr","locations":[{"start":{"line":190,"column":11},"end":{"line":190,"column":56}},{"start":{"line":190,"column":56},"end":{"line":190,"column":null}}],"line":190},"6":{"loc":{"start":{"line":239,"column":6},"end":{"line":241,"column":null}},"type":"if","locations":[{"start":{"line":239,"column":6},"end":{"line":241,"column":null}},{"start":{},"end":{}}],"line":239}},"s":{"0":1,"1":1,"2":1,"3":1,"4":1,"5":1,"6":1,"7":1,"8":0,"9":0,"10":0,"11":0,"12":0,"13":0,"14":0,"15":33,"16":33,"17":0,"18":0,"19":4,"20":5,"21":5,"22":5,"23":0,"24":0,"25":2,"26":3,"27":3,"28":8,"29":2,"30":2,"31":2,"32":2,"33":2,"34":2,"35":2,"36":1,"37":1,"38":2,"39":2,"40":2,"41":4,"42":3,"43":3,"44":1,"45":1,"46":0,"47":14,"48":14,"49":2,"50":2,"51":2,"52":2,"53":0,"54":0,"55":1,"56":1,"57":1,"58":1,"59":1,"60":1},"f":{"0":1,"1":1,"2":33,"3":0,"4":4,"5":5,"6":0,"7":2,"8":3,"9":8,"10":2,"11":2,"12":2,"13":2,"14":2,"15":2,"16":4,"17":3,"18":1,"19":0,"20":14,"21":2,"22":2},"b":{"0":[1,0],"1":[0,0],"2":[5,5],"3":[2,0],"4":[1,1],"5":[4,0],"6":[0,2]},"meta":{"lastBranch":7,"lastFunction":23,"lastStatement":61,"seen":{"s:24:20:24:Infinity":0,"s:25:24:25:Infinity":1,"s:27:34:36:Infinity":2,"f:41:2:41:16":0,"s:42:4:42:Infinity":3,"f:48:2:48:10":1,"s:49:4:64:Infinity":4,"s:50:21:50:54":5,"b:51:6:51:Infinity:undefined:undefined:undefined:undefined":0,"s:51:6:51:Infinity":6,"s:51:19:51:Infinity":7,"s:53:21:53:39":8,"b:56:6:58:Infinity:undefined:undefined:undefined:undefined":1,"s:56:6:58:Infinity":9,"s:57:8:57:Infinity":10,"s:58:8:58:Infinity":11,"s:61:6:61:Infinity":12,"s:63:6:63:Infinity":13,"s:64:6:64:Infinity":14,"f:71:2:71:10":2,"s:72:4:75:Infinity":15,"s:73:6:73:Infinity":16,"s:75:6:75:Infinity":17,"f:82:2:82:64":3,"s:83:4:83:Infinity":18,"f:89:2:89:22":4,"s:90:4:90:Infinity":19,"f:96:2:96:Infinity":5,"s:100:21:100:63":20,"b:100:21:100:61:100:61:100:63":2,"s:101:4:104:Infinity":21,"s:105:4:105:Infinity":22,"f:111:2:111:23":6,"s:114:4:114:Infinity":23,"s:115:4:115:Infinity":24,"f:121:2:121:29":7,"s:122:4:122:Infinity":25,"f:128:2:128:17":8,"s:129:4:129:Infinity":26,"s:130:4:130:Infinity":27,"f:136:2:136:12":9,"s:137:4:137:Infinity":28,"f:143:2:143:10":10,"b:144:4:146:Infinity:undefined:undefined:undefined:undefined":3,"s:144:4:146:Infinity":29,"s:145:6:145:Infinity":30,"s:146:6:146:Infinity":31,"f:153:2:153:10":11,"s:154:4:156:Infinity":32,"f:154:54:154:Infinity":12,"s:155:14:155:Infinity":33,"s:157:4:157:Infinity":34,"f:163:2:163:22":13,"b:164:4:167:Infinity:166:11:167:Infinity":4,"s:164:4:167:Infinity":35,"s:165:6:165:Infinity":36,"s:167:6:167:Infinity":37,"f:174:2:174:37":14,"s:175:4:175:Infinity":38,"f:181:2:181:26":15,"s:182:4:182:Infinity":39,"s:183:4:183:Infinity":40,"f:189:2:189:20":16,"s:190:4:190:Infinity":41,"b:190:11:190:56:190:56:190:Infinity":5,"f:196:2:196:21":17,"s:197:4:197:Infinity":42,"s:198:4:198:Infinity":43,"f:204:2:204:24":18,"s:205:4:207:Infinity":44,"s:208:4:208:Infinity":45,"f:214:2:214:25":19,"s:215:4:215:Infinity":46,"f:221:2:221:16":20,"s:222:4:222:Infinity":47,"s:223:4:223:Infinity":48,"f:229:2:229:19":21,"s:230:4:230:Infinity":49,"f:236:2:236:9":22,"s:237:4:248:Infinity":50,"s:238:23:238:39":51,"b:239:6:241:Infinity:undefined:undefined:undefined:undefined":6,"s:239:6:241:Infinity":52,"s:240:8:240:Infinity":53,"s:241:8:241:Infinity":54,"s:243:6:243:Infinity":55,"s:244:6:244:Infinity":56,"s:245:6:245:Infinity":57,"s:247:6:247:Infinity":58,"s:248:6:248:Infinity":59,"s:254:27:254:44":60}}}
,"/home/pachwenko/Projects/miata-logs/frontend/src/utils/normalize.ts": {"path":"/home/pachwenko/Projects/miata-logs/frontend/src/utils/normalize.ts","statementMap":{"0":{"start":{"line":6,"column":2},"end":{"line":6,"column":null}},"1":{"start":{"line":6,"column":25},"end":{"line":6,"column":null}},"2":{"start":{"line":7,"column":2},"end":{"line":7,"column":null}},"3":{"start":{"line":11,"column":2},"end":{"line":11,"column":null}},"4":{"start":{"line":11,"column":27},"end":{"line":11,"column":null}},"5":{"start":{"line":12,"column":2},"end":{"line":15,"column":null}},"6":{"start":{"line":19,"column":14},"end":{"line":19,"column":null}},"7":{"start":{"line":20,"column":21},"end":{"line":20,"column":null}},"8":{"start":{"line":21,"column":20},"end":{"line":21,"column":null}},"9":{"start":{"line":22,"column":2},"end":{"line":22,"column":null}}},"fnMap":{"0":{"name":"normalizeValue","decl":{"start":{"line":1,"column":16},"end":{"line":1,"column":null}},"loc":{"start":{"line":5,"column":10},"end":{"line":7,"column":null}},"line":5},"1":{"name":"getMinMax","decl":{"start":{"line":10,"column":16},"end":{"line":10,"column":26}},"loc":{"start":{"line":10,"column":74},"end":{"line":15,"column":null}},"line":10},"2":{"name":"randomColor","decl":{"start":{"line":18,"column":16},"end":{"line":18,"column":38}},"loc":{"start":{"line":18,"column":38},"end":{"line":22,"column":null}},"line":18}},"branchMap":{"0":{"loc":{"start":{"line":6,"column":2},"end":{"line":6,"column":null}},"type":"if","locations":[{"start":{"line":6,"column":2},"end":{"line":6,"column":null}},{"start":{},"end":{}}],"line":6},"1":{"loc":{"start":{"line":11,"column":2},"end":{"line":11,"column":null}},"type":"if","locations":[{"start":{"line":11,"column":2},"end":{"line":11,"column":null}},{"start":{},"end":{}}],"line":11}},"s":{"0":0,"1":0,"2":0,"3":0,"4":0,"5":0,"6":0,"7":0,"8":0,"9":0},"f":{"0":0,"1":0,"2":0},"b":{"0":[0,0],"1":[0,0]},"meta":{"lastBranch":2,"lastFunction":3,"lastStatement":10,"seen":{"f:1:16:1:Infinity":0,"b:6:2:6:Infinity:undefined:undefined:undefined:undefined":0,"s:6:2:6:Infinity":0,"s:6:25:6:Infinity":1,"s:7:2:7:Infinity":2,"f:10:16:10:26":1,"b:11:2:11:Infinity:undefined:undefined:undefined:undefined":1,"s:11:2:11:Infinity":3,"s:11:27:11:Infinity":4,"s:12:2:15:Infinity":5,"f:18:16:18:38":2,"s:19:14:19:Infinity":6,"s:20:21:20:Infinity":7,"s:21:20:21:Infinity":8,"s:22:2:22:Infinity":9}}}
,"/home/pachwenko/Projects/miata-logs/frontend/src/utils/stats.ts": {"path":"/home/pachwenko/Projects/miata-logs/frontend/src/utils/stats.ts","statementMap":{"0":{"start":{"line":9,"column":2},"end":{"line":10,"column":null}},"1":{"start":{"line":10,"column":4},"end":{"line":10,"column":null}},"2":{"start":{"line":13,"column":14},"end":{"line":13,"column":33}},"3":{"start":{"line":14,"column":14},"end":{"line":14,"column":33}},"4":{"start":{"line":15,"column":14},"end":{"line":15,"column":null}},"5":{"start":{"line":15,"column":38},"end":{"line":15,"column":45}},"6":{"start":{"line":16,"column":18},"end":{"line":16,"column":null}},"7":{"start":{"line":18,"column":2},"end":{"line":23,"column":null}}},"fnMap":{"0":{"name":"calculateStats","decl":{"start":{"line":8,"column":16},"end":{"line":8,"column":31}},"loc":{"start":{"line":8,"column":59},"end":{"line":23,"column":null}},"line":8},"1":{"name":"(anonymous_1)","decl":{"start":{"line":15,"column":21},"end":{"line":15,"column":29}},"loc":{"start":{"line":15,"column":38},"end":{"line":15,"column":45}},"line":15}},"branchMap":{"0":{"loc":{"start":{"line":9,"column":2},"end":{"line":10,"column":null}},"type":"if","locations":[{"start":{"line":9,"column":2},"end":{"line":10,"column":null}},{"start":{},"end":{}}],"line":9}},"s":{"0":0,"1":0,"2":0,"3":0,"4":0,"5":0,"6":0,"7":0},"f":{"0":0,"1":0},"b":{"0":[0,0]},"meta":{"lastBranch":1,"lastFunction":2,"lastStatement":8,"seen":{"f:8:16:8:31":0,"b:9:2:10:Infinity:undefined:undefined:undefined:undefined":0,"s:9:2:10:Infinity":0,"s:10:4:10:Infinity":1,"s:13:14:13:33":2,"s:14:14:14:33":3,"s:15:14:15:Infinity":4,"f:15:21:15:29":1,"s:15:38:15:45":5,"s:16:18:16:Infinity":6,"s:18:2:23:Infinity":7}}}
}
