TN:
SF:src/App.tsx
FN:12,App
FN:14,(anonymous_1)
FN:17,(anonymous_2)
FN:20,(anonymous_3)
FN:26,(anonymous_4)
FN:30,(anonymous_5)
FN:31,(anonymous_6)
FN:35,(anonymous_7)
FN:40,(anonymous_8)
FN:44,(anonymous_9)
FN:46,(anonymous_10)
FN:58,(anonymous_11)
FN:62,(anonymous_12)
FN:67,(anonymous_13)
FN:75,(anonymous_14)
FN:85,(anonymous_15)
FN:86,(anonymous_16)
FN:92,(anonymous_17)
FN:93,(anonymous_18)
FN:99,(anonymous_19)
FN:132,(anonymous_20)
FN:135,(anonymous_21)
FN:143,(anonymous_22)
FN:155,(anonymous_23)
FN:156,(anonymous_24)
FNF:25
FNH:0
FNDA:0,App
FNDA:0,(anonymous_1)
FNDA:0,(anonymous_2)
FNDA:0,(anonymous_3)
FNDA:0,(anonymous_4)
FNDA:0,(anonymous_5)
FNDA:0,(anonymous_6)
FNDA:0,(anonymous_7)
FNDA:0,(anonymous_8)
FNDA:0,(anonymous_9)
FNDA:0,(anonymous_10)
FNDA:0,(anonymous_11)
FNDA:0,(anonymous_12)
FNDA:0,(anonymous_13)
FNDA:0,(anonymous_14)
FNDA:0,(anonymous_15)
FNDA:0,(anonymous_16)
FNDA:0,(anonymous_17)
FNDA:0,(anonymous_18)
FNDA:0,(anonymous_19)
FNDA:0,(anonymous_20)
FNDA:0,(anonymous_21)
FNDA:0,(anonymous_22)
FNDA:0,(anonymous_23)
FNDA:0,(anonymous_24)
DA:13,0
DA:14,0
DA:15,0
DA:17,0
DA:18,0
DA:19,0
DA:20,0
DA:26,0
DA:27,0
DA:28,0
DA:30,0
DA:31,0
DA:34,0
DA:35,0
DA:36,0
DA:40,0
DA:41,0
DA:44,0
DA:45,0
DA:46,0
DA:55,0
DA:58,0
DA:59,0
DA:62,0
DA:63,0
DA:64,0
DA:65,0
DA:67,0
DA:68,0
DA:70,0
DA:71,0
DA:75,0
DA:76,0
DA:77,0
DA:78,0
DA:80,0
DA:82,0
DA:85,0
DA:86,0
DA:92,0
DA:93,0
DA:99,0
DA:100,0
DA:101,0
DA:102,0
DA:105,0
DA:106,0
DA:109,0
DA:132,0
DA:135,0
DA:143,0
DA:155,0
DA:157,0
LF:53
LH:0
BRDA:70,0,0,0
BRDA:70,0,1,0
BRDA:77,1,0,0
BRDA:77,1,1,0
BRDA:105,2,0,0
BRDA:105,2,1,0
BRDA:118,3,0,0
BRDA:118,3,1,0
BRDA:147,4,0,0
BRDA:147,4,1,0
BRDA:152,5,0,0
BRDA:152,5,1,0
BRF:12
BRH:0
end_of_record
TN:
SF:src/components/CombinedChart.tsx
FN:20,CombinedChart
FN:29,(anonymous_1)
FN:31,(anonymous_2)
FN:38,(anonymous_3)
FN:40,(anonymous_4)
FN:43,(anonymous_5)
FN:44,(anonymous_6)
FN:45,(anonymous_7)
FN:47,(anonymous_8)
FN:100,(anonymous_9)
FN:107,(anonymous_10)
FN:108,(anonymous_11)
FN:118,(anonymous_12)
FN:128,(anonymous_13)
FN:137,(anonymous_14)
FNF:15
FNH:0
FNDA:0,CombinedChart
FNDA:0,(anonymous_1)
FNDA:0,(anonymous_2)
FNDA:0,(anonymous_3)
FNDA:0,(anonymous_4)
FNDA:0,(anonymous_5)
FNDA:0,(anonymous_6)
FNDA:0,(anonymous_7)
FNDA:0,(anonymous_8)
FNDA:0,(anonymous_9)
FNDA:0,(anonymous_10)
FNDA:0,(anonymous_11)
FNDA:0,(anonymous_12)
FNDA:0,(anonymous_13)
FNDA:0,(anonymous_14)
DA:28,0
DA:29,0
DA:30,0
DA:31,0
DA:32,0
DA:34,0
DA:36,0
DA:38,0
DA:40,0
DA:41,0
DA:43,0
DA:44,0
DA:45,0
DA:46,0
DA:47,0
DA:49,0
DA:51,0
DA:64,0
DA:92,0
DA:98,0
DA:100,0
DA:101,0
DA:102,0
DA:107,0
DA:108,0
DA:109,0
DA:112,0
DA:118,0
DA:129,0
DA:137,0
LF:30
LH:0
BRDA:32,0,0,0
BRDA:32,0,1,0
BRDA:41,1,0,0
BRDA:41,1,1,0
BRDA:41,2,0,0
BRDA:41,2,1,0
BRDA:49,3,0,0
BRDA:49,3,1,0
BRDA:101,4,0,0
BRDA:101,4,1,0
BRDA:125,5,0,0
BRDA:125,5,1,0
BRDA:132,6,0,0
BRDA:132,6,1,0
BRF:14
BRH:0
end_of_record
TN:
SF:src/components/FileUpload.tsx
FN:8,FileUpload
FN:11,(anonymous_1)
FN:16,(anonymous_2)
FN:25,(anonymous_3)
FN:32,(anonymous_4)
FN:34,(anonymous_5)
FN:47,(anonymous_6)
FNF:7
FNH:0
FNDA:0,FileUpload
FNDA:0,(anonymous_1)
FNDA:0,(anonymous_2)
FNDA:0,(anonymous_3)
FNDA:0,(anonymous_4)
FNDA:0,(anonymous_5)
FNDA:0,(anonymous_6)
DA:9,0
DA:11,0
DA:12,0
DA:13,0
DA:16,0
DA:17,0
DA:18,0
DA:19,0
DA:20,0
DA:21,0
DA:25,0
DA:26,0
DA:27,0
DA:28,0
DA:32,0
DA:33,0
DA:34,0
DA:35,0
DA:36,0
DA:38,0
DA:41,0
DA:47,0
LF:22
LH:0
BRDA:20,0,0,0
BRDA:20,0,1,0
BRDA:27,1,0,0
BRDA:27,1,1,0
BRF:4
BRH:0
end_of_record
TN:
SF:src/components/LogInfo.tsx
FN:8,LogInfo
FNF:1
FNH:0
FNDA:0,LogInfo
DA:9,0
DA:10,0
DA:12,0
LF:3
LH:0
BRF:0
BRH:0
end_of_record
TN:
SF:src/components/PidChart.tsx
FN:14,PidChart
FN:20,(anonymous_1)
FN:23,(anonymous_2)
FN:24,(anonymous_3)
FN:64,(anonymous_4)
FN:71,(anonymous_5)
FNF:6
FNH:0
FNDA:0,PidChart
FNDA:0,(anonymous_1)
FNDA:0,(anonymous_2)
FNDA:0,(anonymous_3)
FNDA:0,(anonymous_4)
FNDA:0,(anonymous_5)
DA:15,0
DA:17,0
DA:18,0
DA:20,0
DA:21,0
DA:23,0
DA:24,0
DA:26,0
DA:38,0
DA:57,0
DA:62,0
DA:64,0
DA:65,0
DA:66,0
DA:71,0
DA:72,0
DA:74,0
LF:17
LH:0
BRDA:17,0,0,0
BRDA:17,0,1,0
BRDA:18,1,0,0
BRDA:18,1,1,0
BRDA:21,2,0,0
BRDA:21,2,1,0
BRDA:40,3,0,0
BRDA:40,3,1,0
BRDA:48,4,0,0
BRDA:48,4,1,0
BRDA:65,5,0,0
BRDA:65,5,1,0
BRF:12
BRH:0
end_of_record
TN:
SF:src/components/PidConfigPanel.tsx
FN:15,PidConfigPanel
FN:26,(anonymous_1)
FN:46,(anonymous_2)
FN:55,(anonymous_3)
FN:69,(anonymous_4)
FNF:5
FNH:0
FNDA:0,PidConfigPanel
FNDA:0,(anonymous_1)
FNDA:0,(anonymous_2)
FNDA:0,(anonymous_3)
FNDA:0,(anonymous_4)
DA:20,0
DA:22,0
DA:26,0
DA:47,0
DA:48,0
DA:56,0
DA:70,0
LF:7
LH:0
BRDA:30,0,0,0
BRDA:30,0,1,0
BRDA:35,1,0,0
BRDA:35,1,1,0
BRDA:54,2,0,0
BRDA:54,2,1,0
BRDA:59,3,0,0
BRDA:59,3,1,0
BRDA:68,4,0,0
BRDA:68,4,1,0
BRDA:72,5,0,0
BRDA:72,5,1,0
BRF:12
BRH:0
end_of_record
TN:
SF:src/components/PidSelector.tsx
FN:10,PidSelector
FN:15,(anonymous_1)
FN:20,(anonymous_2)
FNF:3
FNH:0
FNDA:0,PidSelector
FNDA:0,(anonymous_1)
FNDA:0,(anonymous_2)
DA:11,0
DA:16,0
DA:20,0
LF:3
LH:0
BRDA:24,0,0,0
BRDA:24,0,1,0
BRF:2
BRH:0
end_of_record
TN:
SF:src/components/PidStats.tsx
FN:9,PidStats
FNF:1
FNH:0
FNDA:0,PidStats
DA:10,0
LF:1
LH:0
BRDA:16,0,0,0
BRDA:16,0,1,0
BRDA:23,1,0,0
BRDA:23,1,1,0
BRDA:30,2,0,0
BRDA:30,2,1,0
BRDA:37,3,0,0
BRDA:37,3,1,0
BRF:8
BRH:0
end_of_record
TN:
SF:src/parser/LogParser.ts
FN:50,parseVTLog
FN:63,(anonymous_1)
FN:69,(anonymous_2)
FNF:3
FNH:3
FNDA:6,parseVTLog
FNDA:8,(anonymous_1)
FNDA:20,(anonymous_2)
DA:51,6
DA:56,6
DA:57,6
DA:59,6
DA:63,6
DA:64,8
DA:65,8
DA:69,20
DA:74,8
DA:82,6
LF:10
LH:10
BRDA:59,0,0,4
BRDA:59,0,1,0
BRDA:65,1,0,8
BRDA:65,1,1,0
BRF:4
BRH:2
end_of_record
TN:
SF:src/parser/pidLookup.ts
FN:20,getPidName
FN:24,getPidUnit
FN:28,getAllKnownPIDs
FN:30,(anonymous_3)
FN:31,(anonymous_4)
FNF:5
FNH:5
FNDA:13,getPidName
FNDA:13,getPidUnit
FNDA:1,getAllKnownPIDs
FNDA:11,(anonymous_3)
FNDA:10,(anonymous_4)
DA:6,2
DA:21,13
DA:25,13
DA:29,1
DA:30,11
DA:31,10
LF:6
LH:6
BRDA:21,0,0,13
BRDA:21,0,1,1
BRDA:25,1,0,13
BRDA:25,1,1,1
BRF:4
BRH:4
end_of_record
TN:
SF:src/utils/configStore.ts
FN:41,(anonymous_0)
FN:48,(anonymous_1)
FN:71,(anonymous_2)
FN:82,(anonymous_3)
FN:89,(anonymous_4)
FN:96,(anonymous_5)
FN:111,(anonymous_6)
FN:121,(anonymous_7)
FN:128,(anonymous_8)
FN:136,(anonymous_9)
FN:143,(anonymous_10)
FN:153,(anonymous_11)
FN:154,(anonymous_12)
FN:163,(anonymous_13)
FN:174,(anonymous_14)
FN:181,(anonymous_15)
FN:189,(anonymous_16)
FN:196,(anonymous_17)
FN:204,(anonymous_18)
FN:214,(anonymous_19)
FN:221,(anonymous_20)
FN:229,(anonymous_21)
FN:236,(anonymous_22)
FNF:23
FNH:20
FNDA:1,(anonymous_0)
FNDA:1,(anonymous_1)
FNDA:33,(anonymous_2)
FNDA:0,(anonymous_3)
FNDA:4,(anonymous_4)
FNDA:5,(anonymous_5)
FNDA:0,(anonymous_6)
FNDA:2,(anonymous_7)
FNDA:3,(anonymous_8)
FNDA:8,(anonymous_9)
FNDA:2,(anonymous_10)
FNDA:2,(anonymous_11)
FNDA:2,(anonymous_12)
FNDA:2,(anonymous_13)
FNDA:2,(anonymous_14)
FNDA:2,(anonymous_15)
FNDA:4,(anonymous_16)
FNDA:3,(anonymous_17)
FNDA:1,(anonymous_18)
FNDA:0,(anonymous_19)
FNDA:14,(anonymous_20)
FNDA:2,(anonymous_21)
FNDA:2,(anonymous_22)
DA:24,1
DA:25,1
DA:27,1
DA:42,1
DA:49,1
DA:50,1
DA:51,1
DA:53,0
DA:56,0
DA:57,0
DA:58,0
DA:61,0
DA:63,0
DA:64,0
DA:72,33
DA:73,33
DA:75,0
DA:83,0
DA:90,4
DA:100,5
DA:101,5
DA:105,5
DA:114,0
DA:115,0
DA:122,2
DA:129,3
DA:130,3
DA:137,8
DA:144,2
DA:145,2
DA:146,2
DA:154,2
DA:155,2
DA:157,2
DA:164,2
DA:165,1
DA:167,1
DA:175,2
DA:182,2
DA:183,2
DA:190,4
DA:197,3
DA:198,3
DA:205,1
DA:208,1
DA:215,0
DA:222,14
DA:223,14
DA:230,2
DA:237,2
DA:238,2
DA:239,2
DA:240,0
DA:241,0
DA:243,1
DA:244,1
DA:245,1
DA:247,1
DA:248,1
DA:254,1
LF:60
LH:46
BRDA:51,0,0,1
BRDA:51,0,1,0
BRDA:56,1,0,0
BRDA:56,1,1,0
BRDA:100,2,0,5
BRDA:100,2,1,5
BRDA:144,3,0,2
BRDA:144,3,1,0
BRDA:164,4,0,1
BRDA:164,4,1,1
BRDA:190,5,0,4
BRDA:190,5,1,0
BRDA:239,6,0,0
BRDA:239,6,1,2
BRF:14
BRH:8
end_of_record
TN:
SF:src/utils/normalize.ts
FN:1,normalizeValue
FN:10,getMinMax
FN:18,randomColor
FNF:3
FNH:0
FNDA:0,normalizeValue
FNDA:0,getMinMax
FNDA:0,randomColor
DA:6,0
DA:7,0
DA:11,0
DA:12,0
DA:19,0
DA:20,0
DA:21,0
DA:22,0
LF:8
LH:0
BRDA:6,0,0,0
BRDA:6,0,1,0
BRDA:11,1,0,0
BRDA:11,1,1,0
BRF:4
BRH:0
end_of_record
TN:
SF:src/utils/stats.ts
FN:8,calculateStats
FN:15,(anonymous_1)
FNF:2
FNH:0
FNDA:0,calculateStats
FNDA:0,(anonymous_1)
DA:9,0
DA:10,0
DA:13,0
DA:14,0
DA:15,0
DA:16,0
DA:18,0
LF:7
LH:0
BRDA:9,0,0,0
BRDA:9,0,1,0
BRF:2
BRH:0
end_of_record
