<testsuites id="" name="" tests="42" failures="38" skipped="0" errors="0" time="17.376164">
<testsuite name="app.spec.ts" timestamp="2026-03-18T06:11:13.117Z" hostname="chromium" tests="21" failures="19" skipped="0" time="35.792" errors="0">
<testcase name="Miata Log Viewer — Comprehensive Test Suite › Initial Load &amp; UI › should render upload area with no errors" classname="app.spec.ts" time="6.146">
<failure message="app.spec.ts:5:5 should render upload area with no errors" type="FAILURE">
<![CDATA[  [chromium] › app.spec.ts:5:5 › Miata Log Viewer — Comprehensive Test Suite › Initial Load & UI › should render upload area with no errors 

    Error: expect(locator).toContainText(expected) failed

    Locator: locator('h2')
    Expected substring: "Miata Log Viewer"
    Timeout: 5000ms
    Error: element(s) not found

    Call log:
      - Expect "toContainText" with timeout 5000ms
      - waiting for locator('h2')


       7 |
       8 |       // Check for critical UI elements
    >  9 |       await expect(page.locator('h2')).toContainText('Miata Log Viewer')
         |                                        ^
      10 |       await expect(page.locator('.upload-area')).toBeVisible()
      11 |
      12 |       // Verify no console errors occurred
        at /home/pachwenko/Projects/miata-logs/frontend/tests/app.spec.ts:9:40

    attachment #1: screenshot (image/png) ──────────────────────────────────────────────────────────
    ../test-results/app-Miata-Log-Viewer-—-Com-c2bc7--upload-area-with-no-errors-chromium/test-failed-1.png
    ────────────────────────────────────────────────────────────────────────────────────────────────

    attachment #2: video (video/webm) ──────────────────────────────────────────────────────────────
    ../test-results/app-Miata-Log-Viewer-—-Com-c2bc7--upload-area-with-no-errors-chromium/video.webm
    ────────────────────────────────────────────────────────────────────────────────────────────────
]]>
</failure>
<system-out>
<![CDATA[
❌ Errors captured:
  [2026-03-18T06:11:15.053Z] pageerror: The requested module '/src/parser/index.ts' does not provide an export named 'ParsedPID'
]]>
</system-out>
<system-err>
<![CDATA[
Warning: attachment app-Miata-Log-Viewer-—-Com-c2bc7--upload-area-with-no-errors-chromium/test-failed-1.png is missing
Warning: attachment app-Miata-Log-Viewer-—-Com-c2bc7--upload-area-with-no-errors-chromium/video.webm is missing]]>
</system-err>
</testcase>
<testcase name="Miata Log Viewer — Comprehensive Test Suite › Initial Load &amp; UI › should handle drag-and-drop interaction" classname="app.spec.ts" time="11.075">
<failure message="app.spec.ts:17:5 should handle drag-and-drop interaction" type="FAILURE">
<![CDATA[  [chromium] › app.spec.ts:17:5 › Miata Log Viewer — Comprehensive Test Suite › Initial Load & UI › should handle drag-and-drop interaction 

    TimeoutError: locator.dispatchEvent: Timeout 10000ms exceeded.
    Call log:
      - waiting for locator('.upload-area')


      22 |
      23 |       // Simulate drag over
    > 24 |       await uploadArea.dispatchEvent('dragover')
         |                        ^
      25 |       await uploadArea.hover()
      26 |
      27 |       // File upload triggers parsing
        at /home/pachwenko/Projects/miata-logs/frontend/tests/app.spec.ts:24:24

    attachment #1: screenshot (image/png) ──────────────────────────────────────────────────────────
    ../test-results/app-Miata-Log-Viewer-—-Com-59704-e-drag-and-drop-interaction-chromium/test-failed-1.png
    ────────────────────────────────────────────────────────────────────────────────────────────────

    attachment #2: video (video/webm) ──────────────────────────────────────────────────────────────
    ../test-results/app-Miata-Log-Viewer-—-Com-59704-e-drag-and-drop-interaction-chromium/video.webm
    ────────────────────────────────────────────────────────────────────────────────────────────────
]]>
</failure>
<system-out>
<![CDATA[
❌ Errors captured:
  [2026-03-18T06:11:15.152Z] pageerror: The requested module '/src/parser/index.ts' does not provide an export named 'ParsedPID'
]]>
</system-out>
<system-err>
<![CDATA[
Warning: attachment app-Miata-Log-Viewer-—-Com-59704-e-drag-and-drop-interaction-chromium/test-failed-1.png is missing
Warning: attachment app-Miata-Log-Viewer-—-Com-59704-e-drag-and-drop-interaction-chromium/video.webm is missing]]>
</system-err>
</testcase>
<testcase name="Miata Log Viewer — Comprehensive Test Suite › File Parsing &amp; Data Loading › should parse log file without errors" classname="app.spec.ts" time="0.398">
<failure message="app.spec.ts:33:5 should parse log file without errors" type="FAILURE">
<![CDATA[  [chromium] › app.spec.ts:33:5 › Miata Log Viewer — Comprehensive Test Suite › File Parsing & Data Loading › should parse log file without errors 

    ReferenceError: __dirname is not defined

       at fixtures.ts:12

      10 |
      11 | export const test = base.extend<TestContext>({
    > 12 |   logFilePath: () => path.join(__dirname, '..', '..', 'example_idel_log.vtlog'),
         |                                ^
      13 |
      14 |   errorLogs: [],
      15 |   consoleLogs: [],
        at Object.logFilePath (/home/pachwenko/Projects/miata-logs/frontend/tests/fixtures.ts:12:32)

    attachment #1: screenshot (image/png) ──────────────────────────────────────────────────────────
    ../test-results/app-Miata-Log-Viewer-—-Com-2683d-rse-log-file-without-errors-chromium/test-failed-1.png
    ────────────────────────────────────────────────────────────────────────────────────────────────

    attachment #2: video (video/webm) ──────────────────────────────────────────────────────────────
    ../test-results/app-Miata-Log-Viewer-—-Com-2683d-rse-log-file-without-errors-chromium/video.webm
    ────────────────────────────────────────────────────────────────────────────────────────────────
]]>
</failure>
<system-err>
<![CDATA[
Warning: attachment app-Miata-Log-Viewer-—-Com-2683d-rse-log-file-without-errors-chromium/test-failed-1.png is missing
Warning: attachment app-Miata-Log-Viewer-—-Com-2683d-rse-log-file-without-errors-chromium/video.webm is missing]]>
</system-err>
</testcase>
<testcase name="Miata Log Viewer — Comprehensive Test Suite › File Parsing &amp; Data Loading › should load all PIDs without errors" classname="app.spec.ts" time="0.329">
<failure message="app.spec.ts:49:5 should load all PIDs without errors" type="FAILURE">
<![CDATA[  [chromium] › app.spec.ts:49:5 › Miata Log Viewer — Comprehensive Test Suite › File Parsing & Data Loading › should load all PIDs without errors 

    ReferenceError: __dirname is not defined

       at fixtures.ts:12

      10 |
      11 | export const test = base.extend<TestContext>({
    > 12 |   logFilePath: () => path.join(__dirname, '..', '..', 'example_idel_log.vtlog'),
         |                                ^
      13 |
      14 |   errorLogs: [],
      15 |   consoleLogs: [],
        at Object.logFilePath (/home/pachwenko/Projects/miata-logs/frontend/tests/fixtures.ts:12:32)

    attachment #1: screenshot (image/png) ──────────────────────────────────────────────────────────
    ../test-results/app-Miata-Log-Viewer-—-Com-b1403-oad-all-PIDs-without-errors-chromium/test-failed-1.png
    ────────────────────────────────────────────────────────────────────────────────────────────────

    attachment #2: video (video/webm) ──────────────────────────────────────────────────────────────
    ../test-results/app-Miata-Log-Viewer-—-Com-b1403-oad-all-PIDs-without-errors-chromium/video.webm
    ────────────────────────────────────────────────────────────────────────────────────────────────
]]>
</failure>
<system-err>
<![CDATA[
Warning: attachment app-Miata-Log-Viewer-—-Com-b1403-oad-all-PIDs-without-errors-chromium/test-failed-1.png is missing
Warning: attachment app-Miata-Log-Viewer-—-Com-b1403-oad-all-PIDs-without-errors-chromium/video.webm is missing]]>
</system-err>
</testcase>
<testcase name="Miata Log Viewer — Comprehensive Test Suite › File Parsing &amp; Data Loading › should render combined chart immediately" classname="app.spec.ts" time="0.434">
<failure message="app.spec.ts:68:5 should render combined chart immediately" type="FAILURE">
<![CDATA[  [chromium] › app.spec.ts:68:5 › Miata Log Viewer — Comprehensive Test Suite › File Parsing & Data Loading › should render combined chart immediately 

    ReferenceError: __dirname is not defined

       at fixtures.ts:12

      10 |
      11 | export const test = base.extend<TestContext>({
    > 12 |   logFilePath: () => path.join(__dirname, '..', '..', 'example_idel_log.vtlog'),
         |                                ^
      13 |
      14 |   errorLogs: [],
      15 |   consoleLogs: [],
        at Object.logFilePath (/home/pachwenko/Projects/miata-logs/frontend/tests/fixtures.ts:12:32)

    attachment #1: screenshot (image/png) ──────────────────────────────────────────────────────────
    ../test-results/app-Miata-Log-Viewer-—-Com-67e7a--combined-chart-immediately-chromium/test-failed-1.png
    ────────────────────────────────────────────────────────────────────────────────────────────────

    attachment #2: video (video/webm) ──────────────────────────────────────────────────────────────
    ../test-results/app-Miata-Log-Viewer-—-Com-67e7a--combined-chart-immediately-chromium/video.webm
    ────────────────────────────────────────────────────────────────────────────────────────────────
]]>
</failure>
<system-err>
<![CDATA[
Warning: attachment app-Miata-Log-Viewer-—-Com-67e7a--combined-chart-immediately-chromium/test-failed-1.png is missing
Warning: attachment app-Miata-Log-Viewer-—-Com-67e7a--combined-chart-immediately-chromium/video.webm is missing]]>
</system-err>
</testcase>
<testcase name="Miata Log Viewer — Comprehensive Test Suite › Interactivity &amp; State Management › should toggle PID visibility in real-time" classname="app.spec.ts" time="0.441">
<failure message="app.spec.ts:87:5 should toggle PID visibility in real-time" type="FAILURE">
<![CDATA[  [chromium] › app.spec.ts:87:5 › Miata Log Viewer — Comprehensive Test Suite › Interactivity & State Management › should toggle PID visibility in real-time 

    ReferenceError: __dirname is not defined

       at fixtures.ts:12

      10 |
      11 | export const test = base.extend<TestContext>({
    > 12 |   logFilePath: () => path.join(__dirname, '..', '..', 'example_idel_log.vtlog'),
         |                                ^
      13 |
      14 |   errorLogs: [],
      15 |   consoleLogs: [],
        at Object.logFilePath (/home/pachwenko/Projects/miata-logs/frontend/tests/fixtures.ts:12:32)

    attachment #1: screenshot (image/png) ──────────────────────────────────────────────────────────
    ../test-results/app-Miata-Log-Viewer-—-Com-e4f3a-PID-visibility-in-real-time-chromium/test-failed-1.png
    ────────────────────────────────────────────────────────────────────────────────────────────────

    attachment #2: video (video/webm) ──────────────────────────────────────────────────────────────
    ../test-results/app-Miata-Log-Viewer-—-Com-e4f3a-PID-visibility-in-real-time-chromium/video.webm
    ────────────────────────────────────────────────────────────────────────────────────────────────
]]>
</failure>
<system-err>
<![CDATA[
Warning: attachment app-Miata-Log-Viewer-—-Com-e4f3a-PID-visibility-in-real-time-chromium/test-failed-1.png is missing
Warning: attachment app-Miata-Log-Viewer-—-Com-e4f3a-PID-visibility-in-real-time-chromium/video.webm is missing]]>
</system-err>
</testcase>
<testcase name="Miata Log Viewer — Comprehensive Test Suite › Interactivity &amp; State Management › should expand/collapse individual charts section" classname="app.spec.ts" time="0.403">
<failure message="app.spec.ts:108:5 should expand/collapse individual charts section" type="FAILURE">
<![CDATA[  [chromium] › app.spec.ts:108:5 › Miata Log Viewer — Comprehensive Test Suite › Interactivity & State Management › should expand/collapse individual charts section 

    ReferenceError: __dirname is not defined

       at fixtures.ts:12

      10 |
      11 | export const test = base.extend<TestContext>({
    > 12 |   logFilePath: () => path.join(__dirname, '..', '..', 'example_idel_log.vtlog'),
         |                                ^
      13 |
      14 |   errorLogs: [],
      15 |   consoleLogs: [],
        at Object.logFilePath (/home/pachwenko/Projects/miata-logs/frontend/tests/fixtures.ts:12:32)

    attachment #1: screenshot (image/png) ──────────────────────────────────────────────────────────
    ../test-results/app-Miata-Log-Viewer-—-Com-ce3a7-e-individual-charts-section-chromium/test-failed-1.png
    ────────────────────────────────────────────────────────────────────────────────────────────────

    attachment #2: video (video/webm) ──────────────────────────────────────────────────────────────
    ../test-results/app-Miata-Log-Viewer-—-Com-ce3a7-e-individual-charts-section-chromium/video.webm
    ────────────────────────────────────────────────────────────────────────────────────────────────
]]>
</failure>
<system-err>
<![CDATA[
Warning: attachment app-Miata-Log-Viewer-—-Com-ce3a7-e-individual-charts-section-chromium/test-failed-1.png is missing
Warning: attachment app-Miata-Log-Viewer-—-Com-ce3a7-e-individual-charts-section-chromium/video.webm is missing]]>
</system-err>
</testcase>
<testcase name="Miata Log Viewer — Comprehensive Test Suite › Interactivity &amp; State Management › should update colors in combined chart" classname="app.spec.ts" time="0.433">
<failure message="app.spec.ts:131:5 should update colors in combined chart" type="FAILURE">
<![CDATA[  [chromium] › app.spec.ts:131:5 › Miata Log Viewer — Comprehensive Test Suite › Interactivity & State Management › should update colors in combined chart 

    ReferenceError: __dirname is not defined

       at fixtures.ts:12

      10 |
      11 | export const test = base.extend<TestContext>({
    > 12 |   logFilePath: () => path.join(__dirname, '..', '..', 'example_idel_log.vtlog'),
         |                                ^
      13 |
      14 |   errorLogs: [],
      15 |   consoleLogs: [],
        at Object.logFilePath (/home/pachwenko/Projects/miata-logs/frontend/tests/fixtures.ts:12:32)

    attachment #1: screenshot (image/png) ──────────────────────────────────────────────────────────
    ../test-results/app-Miata-Log-Viewer-—-Com-a3433-te-colors-in-combined-chart-chromium/test-failed-1.png
    ────────────────────────────────────────────────────────────────────────────────────────────────

    attachment #2: video (video/webm) ──────────────────────────────────────────────────────────────
    ../test-results/app-Miata-Log-Viewer-—-Com-a3433-te-colors-in-combined-chart-chromium/video.webm
    ────────────────────────────────────────────────────────────────────────────────────────────────
]]>
</failure>
<system-err>
<![CDATA[
Warning: attachment app-Miata-Log-Viewer-—-Com-a3433-te-colors-in-combined-chart-chromium/test-failed-1.png is missing
Warning: attachment app-Miata-Log-Viewer-—-Com-a3433-te-colors-in-combined-chart-chromium/video.webm is missing]]>
</system-err>
</testcase>
<testcase name="Miata Log Viewer — Comprehensive Test Suite › Interactivity &amp; State Management › should update PID names and units" classname="app.spec.ts" time="0.428">
<failure message="app.spec.ts:152:5 should update PID names and units" type="FAILURE">
<![CDATA[  [chromium] › app.spec.ts:152:5 › Miata Log Viewer — Comprehensive Test Suite › Interactivity & State Management › should update PID names and units 

    ReferenceError: __dirname is not defined

       at fixtures.ts:12

      10 |
      11 | export const test = base.extend<TestContext>({
    > 12 |   logFilePath: () => path.join(__dirname, '..', '..', 'example_idel_log.vtlog'),
         |                                ^
      13 |
      14 |   errorLogs: [],
      15 |   consoleLogs: [],
        at Object.logFilePath (/home/pachwenko/Projects/miata-logs/frontend/tests/fixtures.ts:12:32)

    attachment #1: screenshot (image/png) ──────────────────────────────────────────────────────────
    ../test-results/app-Miata-Log-Viewer-—-Com-3adb5--update-PID-names-and-units-chromium/test-failed-1.png
    ────────────────────────────────────────────────────────────────────────────────────────────────

    attachment #2: video (video/webm) ──────────────────────────────────────────────────────────────
    ../test-results/app-Miata-Log-Viewer-—-Com-3adb5--update-PID-names-and-units-chromium/video.webm
    ────────────────────────────────────────────────────────────────────────────────────────────────
]]>
</failure>
<system-err>
<![CDATA[
Warning: attachment app-Miata-Log-Viewer-—-Com-3adb5--update-PID-names-and-units-chromium/test-failed-1.png is missing
Warning: attachment app-Miata-Log-Viewer-—-Com-3adb5--update-PID-names-and-units-chromium/video.webm is missing]]>
</system-err>
</testcase>
<testcase name="Miata Log Viewer — Comprehensive Test Suite › Configuration Persistence › should persist configurations in localStorage" classname="app.spec.ts" time="0.419">
<failure message="app.spec.ts:175:5 should persist configurations in localStorage" type="FAILURE">
<![CDATA[  [chromium] › app.spec.ts:175:5 › Miata Log Viewer — Comprehensive Test Suite › Configuration Persistence › should persist configurations in localStorage 

    ReferenceError: __dirname is not defined

       at fixtures.ts:12

      10 |
      11 | export const test = base.extend<TestContext>({
    > 12 |   logFilePath: () => path.join(__dirname, '..', '..', 'example_idel_log.vtlog'),
         |                                ^
      13 |
      14 |   errorLogs: [],
      15 |   consoleLogs: [],
        at Object.logFilePath (/home/pachwenko/Projects/miata-logs/frontend/tests/fixtures.ts:12:32)

    attachment #1: screenshot (image/png) ──────────────────────────────────────────────────────────
    ../test-results/app-Miata-Log-Viewer-—-Com-d45cb-figurations-in-localStorage-chromium/test-failed-1.png
    ────────────────────────────────────────────────────────────────────────────────────────────────

    attachment #2: video (video/webm) ──────────────────────────────────────────────────────────────
    ../test-results/app-Miata-Log-Viewer-—-Com-d45cb-figurations-in-localStorage-chromium/video.webm
    ────────────────────────────────────────────────────────────────────────────────────────────────
]]>
</failure>
<system-err>
<![CDATA[
Warning: attachment app-Miata-Log-Viewer-—-Com-d45cb-figurations-in-localStorage-chromium/test-failed-1.png is missing
Warning: attachment app-Miata-Log-Viewer-—-Com-d45cb-figurations-in-localStorage-chromium/video.webm is missing]]>
</system-err>
</testcase>
<testcase name="Miata Log Viewer — Comprehensive Test Suite › Individual Chart Stats › should display stats below each chart" classname="app.spec.ts" time="0.441">
<failure message="app.spec.ts:202:5 should display stats below each chart" type="FAILURE">
<![CDATA[  [chromium] › app.spec.ts:202:5 › Miata Log Viewer — Comprehensive Test Suite › Individual Chart Stats › should display stats below each chart 

    ReferenceError: __dirname is not defined

       at fixtures.ts:12

      10 |
      11 | export const test = base.extend<TestContext>({
    > 12 |   logFilePath: () => path.join(__dirname, '..', '..', 'example_idel_log.vtlog'),
         |                                ^
      13 |
      14 |   errorLogs: [],
      15 |   consoleLogs: [],
        at Object.logFilePath (/home/pachwenko/Projects/miata-logs/frontend/tests/fixtures.ts:12:32)

    attachment #1: screenshot (image/png) ──────────────────────────────────────────────────────────
    ../test-results/app-Miata-Log-Viewer-—-Com-2f84c-play-stats-below-each-chart-chromium/test-failed-1.png
    ────────────────────────────────────────────────────────────────────────────────────────────────

    attachment #2: video (video/webm) ──────────────────────────────────────────────────────────────
    ../test-results/app-Miata-Log-Viewer-—-Com-2f84c-play-stats-below-each-chart-chromium/video.webm
    ────────────────────────────────────────────────────────────────────────────────────────────────
]]>
</failure>
<system-err>
<![CDATA[
Warning: attachment app-Miata-Log-Viewer-—-Com-2f84c-play-stats-below-each-chart-chromium/test-failed-1.png is missing
Warning: attachment app-Miata-Log-Viewer-—-Com-2f84c-play-stats-below-each-chart-chromium/video.webm is missing]]>
</system-err>
</testcase>
<testcase name="Miata Log Viewer — Comprehensive Test Suite › Individual Chart Stats › should calculate correct min/max/avg values" classname="app.spec.ts" time="0.4">
<failure message="app.spec.ts:223:5 should calculate correct min/max/avg values" type="FAILURE">
<![CDATA[  [chromium] › app.spec.ts:223:5 › Miata Log Viewer — Comprehensive Test Suite › Individual Chart Stats › should calculate correct min/max/avg values 

    ReferenceError: __dirname is not defined

       at fixtures.ts:12

      10 |
      11 | export const test = base.extend<TestContext>({
    > 12 |   logFilePath: () => path.join(__dirname, '..', '..', 'example_idel_log.vtlog'),
         |                                ^
      13 |
      14 |   errorLogs: [],
      15 |   consoleLogs: [],
        at Object.logFilePath (/home/pachwenko/Projects/miata-logs/frontend/tests/fixtures.ts:12:32)

    attachment #1: screenshot (image/png) ──────────────────────────────────────────────────────────
    ../test-results/app-Miata-Log-Viewer-—-Com-4b46e--correct-min-max-avg-values-chromium/test-failed-1.png
    ────────────────────────────────────────────────────────────────────────────────────────────────

    attachment #2: video (video/webm) ──────────────────────────────────────────────────────────────
    ../test-results/app-Miata-Log-Viewer-—-Com-4b46e--correct-min-max-avg-values-chromium/video.webm
    ────────────────────────────────────────────────────────────────────────────────────────────────
]]>
</failure>
<system-err>
<![CDATA[
Warning: attachment app-Miata-Log-Viewer-—-Com-4b46e--correct-min-max-avg-values-chromium/test-failed-1.png is missing
Warning: attachment app-Miata-Log-Viewer-—-Com-4b46e--correct-min-max-avg-values-chromium/video.webm is missing]]>
</system-err>
</testcase>
<testcase name="Miata Log Viewer — Comprehensive Test Suite › Error Handling &amp; Edge Cases › should handle reset button correctly" classname="app.spec.ts" time="0.326">
<failure message="app.spec.ts:239:5 should handle reset button correctly" type="FAILURE">
<![CDATA[  [chromium] › app.spec.ts:239:5 › Miata Log Viewer — Comprehensive Test Suite › Error Handling & Edge Cases › should handle reset button correctly 

    ReferenceError: __dirname is not defined

       at fixtures.ts:12

      10 |
      11 | export const test = base.extend<TestContext>({
    > 12 |   logFilePath: () => path.join(__dirname, '..', '..', 'example_idel_log.vtlog'),
         |                                ^
      13 |
      14 |   errorLogs: [],
      15 |   consoleLogs: [],
        at Object.logFilePath (/home/pachwenko/Projects/miata-logs/frontend/tests/fixtures.ts:12:32)

    attachment #1: screenshot (image/png) ──────────────────────────────────────────────────────────
    ../test-results/app-Miata-Log-Viewer-—-Com-76740-ndle-reset-button-correctly-chromium/test-failed-1.png
    ────────────────────────────────────────────────────────────────────────────────────────────────

    attachment #2: video (video/webm) ──────────────────────────────────────────────────────────────
    ../test-results/app-Miata-Log-Viewer-—-Com-76740-ndle-reset-button-correctly-chromium/video.webm
    ────────────────────────────────────────────────────────────────────────────────────────────────
]]>
</failure>
<system-err>
<![CDATA[
Warning: attachment app-Miata-Log-Viewer-—-Com-76740-ndle-reset-button-correctly-chromium/test-failed-1.png is missing
Warning: attachment app-Miata-Log-Viewer-—-Com-76740-ndle-reset-button-correctly-chromium/video.webm is missing]]>
</system-err>
</testcase>
<testcase name="Miata Log Viewer — Comprehensive Test Suite › Error Handling &amp; Edge Cases › should display helpful error on bad file" classname="app.spec.ts" time="11.132">
<failure message="app.spec.ts:254:5 should display helpful error on bad file" type="FAILURE">
<![CDATA[  [chromium] › app.spec.ts:254:5 › Miata Log Viewer — Comprehensive Test Suite › Error Handling & Edge Cases › should display helpful error on bad file 

    TimeoutError: locator.setInputFiles: Timeout 10000ms exceeded.
    Call log:
      - waiting for locator('input[type="file"]')


      257 |       // Try to upload invalid XML
      258 |       const fileInput = page.locator('input[type="file"]')
    > 259 |       await fileInput.setInputFiles({
          |       ^
      260 |         name: 'invalid.txt',
      261 |         mimeType: 'text/plain',
      262 |         buffer: Buffer.from('This is not XML'),
        at /home/pachwenko/Projects/miata-logs/frontend/tests/app.spec.ts:259:7

    attachment #1: screenshot (image/png) ──────────────────────────────────────────────────────────
    ../test-results/app-Miata-Log-Viewer-—-Com-eeddc-y-helpful-error-on-bad-file-chromium/test-failed-1.png
    ────────────────────────────────────────────────────────────────────────────────────────────────

    attachment #2: video (video/webm) ──────────────────────────────────────────────────────────────
    ../test-results/app-Miata-Log-Viewer-—-Com-eeddc-y-helpful-error-on-bad-file-chromium/video.webm
    ────────────────────────────────────────────────────────────────────────────────────────────────
]]>
</failure>
<system-out>
<![CDATA[
❌ Errors captured:
  [2026-03-18T06:11:16.641Z] pageerror: The requested module '/src/parser/index.ts' does not provide an export named 'ParsedPID'
]]>
</system-out>
<system-err>
<![CDATA[
Warning: attachment app-Miata-Log-Viewer-—-Com-eeddc-y-helpful-error-on-bad-file-chromium/test-failed-1.png is missing
Warning: attachment app-Miata-Log-Viewer-—-Com-eeddc-y-helpful-error-on-bad-file-chromium/video.webm is missing]]>
</system-err>
</testcase>
<testcase name="Miata Log Viewer — Comprehensive Test Suite › Performance &amp; Accessibility › should load page in reasonable time" classname="app.spec.ts" time="0.707">
<system-out>
<![CDATA[
❌ Errors captured:
  [2026-03-18T06:11:16.686Z] pageerror: The requested module '/src/parser/index.ts' does not provide an export named 'ParsedPID'
]]>
</system-out>
</testcase>
<testcase name="Miata Log Viewer — Comprehensive Test Suite › Performance &amp; Accessibility › should have accessible form elements" classname="app.spec.ts" time="0.348">
<failure message="app.spec.ts:279:5 should have accessible form elements" type="FAILURE">
<![CDATA[  [chromium] › app.spec.ts:279:5 › Miata Log Viewer — Comprehensive Test Suite › Performance & Accessibility › should have accessible form elements 

    ReferenceError: __dirname is not defined

       at fixtures.ts:12

      10 |
      11 | export const test = base.extend<TestContext>({
    > 12 |   logFilePath: () => path.join(__dirname, '..', '..', 'example_idel_log.vtlog'),
         |                                ^
      13 |
      14 |   errorLogs: [],
      15 |   consoleLogs: [],
        at Object.logFilePath (/home/pachwenko/Projects/miata-logs/frontend/tests/fixtures.ts:12:32)

    attachment #1: screenshot (image/png) ──────────────────────────────────────────────────────────
    ../test-results/app-Miata-Log-Viewer-—-Com-e9433-ve-accessible-form-elements-chromium/test-failed-1.png
    ────────────────────────────────────────────────────────────────────────────────────────────────

    attachment #2: video (video/webm) ──────────────────────────────────────────────────────────────
    ../test-results/app-Miata-Log-Viewer-—-Com-e9433-ve-accessible-form-elements-chromium/video.webm
    ────────────────────────────────────────────────────────────────────────────────────────────────
]]>
</failure>
<system-err>
<![CDATA[
Warning: attachment app-Miata-Log-Viewer-—-Com-e9433-ve-accessible-form-elements-chromium/test-failed-1.png is missing
Warning: attachment app-Miata-Log-Viewer-—-Com-e9433-ve-accessible-form-elements-chromium/video.webm is missing]]>
</system-err>
</testcase>
<testcase name="Miata Log Viewer — Comprehensive Test Suite › Performance &amp; Accessibility › should be responsive on mobile viewport" classname="app.spec.ts" time="0.33">
<failure message="app.spec.ts:299:5 should be responsive on mobile viewport" type="FAILURE">
<![CDATA[  [chromium] › app.spec.ts:299:5 › Miata Log Viewer — Comprehensive Test Suite › Performance & Accessibility › should be responsive on mobile viewport 

    ReferenceError: __dirname is not defined

       at fixtures.ts:12

      10 |
      11 | export const test = base.extend<TestContext>({
    > 12 |   logFilePath: () => path.join(__dirname, '..', '..', 'example_idel_log.vtlog'),
         |                                ^
      13 |
      14 |   errorLogs: [],
      15 |   consoleLogs: [],
        at Object.logFilePath (/home/pachwenko/Projects/miata-logs/frontend/tests/fixtures.ts:12:32)

    attachment #1: screenshot (image/png) ──────────────────────────────────────────────────────────
    ../test-results/app-Miata-Log-Viewer-—-Com-7960c-sponsive-on-mobile-viewport-chromium/test-failed-1.png
    ────────────────────────────────────────────────────────────────────────────────────────────────

    attachment #2: video (video/webm) ──────────────────────────────────────────────────────────────
    ../test-results/app-Miata-Log-Viewer-—-Com-7960c-sponsive-on-mobile-viewport-chromium/video.webm
    ────────────────────────────────────────────────────────────────────────────────────────────────
]]>
</failure>
<system-err>
<![CDATA[
Warning: attachment app-Miata-Log-Viewer-—-Com-7960c-sponsive-on-mobile-viewport-chromium/test-failed-1.png is missing
Warning: attachment app-Miata-Log-Viewer-—-Com-7960c-sponsive-on-mobile-viewport-chromium/video.webm is missing]]>
</system-err>
</testcase>
<testcase name="Miata Log Viewer — Comprehensive Test Suite › Visual Regression &amp; Screenshots › should capture initial state screenshot" classname="app.spec.ts" time="0.735">
<system-out>
<![CDATA[
❌ Errors captured:
  [2026-03-18T06:11:16.767Z] pageerror: The requested module '/src/parser/index.ts' does not provide an export named 'ParsedPID'
]]>
</system-out>
</testcase>
<testcase name="Miata Log Viewer — Comprehensive Test Suite › Visual Regression &amp; Screenshots › should capture loaded log screenshot" classname="app.spec.ts" time="0.31">
<failure message="app.spec.ts:321:5 should capture loaded log screenshot" type="FAILURE">
<![CDATA[  [chromium] › app.spec.ts:321:5 › Miata Log Viewer — Comprehensive Test Suite › Visual Regression & Screenshots › should capture loaded log screenshot 

    ReferenceError: __dirname is not defined

       at fixtures.ts:12

      10 |
      11 | export const test = base.extend<TestContext>({
    > 12 |   logFilePath: () => path.join(__dirname, '..', '..', 'example_idel_log.vtlog'),
         |                                ^
      13 |
      14 |   errorLogs: [],
      15 |   consoleLogs: [],
        at Object.logFilePath (/home/pachwenko/Projects/miata-logs/frontend/tests/fixtures.ts:12:32)

    attachment #1: screenshot (image/png) ──────────────────────────────────────────────────────────
    ../test-results/app-Miata-Log-Viewer-—-Com-02eda-pture-loaded-log-screenshot-chromium/test-failed-1.png
    ────────────────────────────────────────────────────────────────────────────────────────────────

    attachment #2: video (video/webm) ──────────────────────────────────────────────────────────────
    ../test-results/app-Miata-Log-Viewer-—-Com-02eda-pture-loaded-log-screenshot-chromium/video.webm
    ────────────────────────────────────────────────────────────────────────────────────────────────
]]>
</failure>
<system-err>
<![CDATA[
Warning: attachment app-Miata-Log-Viewer-—-Com-02eda-pture-loaded-log-screenshot-chromium/test-failed-1.png is missing
Warning: attachment app-Miata-Log-Viewer-—-Com-02eda-pture-loaded-log-screenshot-chromium/video.webm is missing]]>
</system-err>
</testcase>
<testcase name="Miata Log Viewer — Comprehensive Test Suite › Visual Regression &amp; Screenshots › should capture combined chart in detail" classname="app.spec.ts" time="0.274">
<failure message="app.spec.ts:330:5 should capture combined chart in detail" type="FAILURE">
<![CDATA[  [chromium] › app.spec.ts:330:5 › Miata Log Viewer — Comprehensive Test Suite › Visual Regression & Screenshots › should capture combined chart in detail 

    ReferenceError: __dirname is not defined

       at fixtures.ts:12

      10 |
      11 | export const test = base.extend<TestContext>({
    > 12 |   logFilePath: () => path.join(__dirname, '..', '..', 'example_idel_log.vtlog'),
         |                                ^
      13 |
      14 |   errorLogs: [],
      15 |   consoleLogs: [],
        at Object.logFilePath (/home/pachwenko/Projects/miata-logs/frontend/tests/fixtures.ts:12:32)

    attachment #1: screenshot (image/png) ──────────────────────────────────────────────────────────
    ../test-results/app-Miata-Log-Viewer-—-Com-bd34e-re-combined-chart-in-detail-chromium/test-failed-1.png
    ────────────────────────────────────────────────────────────────────────────────────────────────

    attachment #2: video (video/webm) ──────────────────────────────────────────────────────────────
    ../test-results/app-Miata-Log-Viewer-—-Com-bd34e-re-combined-chart-in-detail-chromium/video.webm
    ────────────────────────────────────────────────────────────────────────────────────────────────
]]>
</failure>
<system-err>
<![CDATA[
Warning: attachment app-Miata-Log-Viewer-—-Com-bd34e-re-combined-chart-in-detail-chromium/test-failed-1.png is missing
Warning: attachment app-Miata-Log-Viewer-—-Com-bd34e-re-combined-chart-in-detail-chromium/video.webm is missing]]>
</system-err>
</testcase>
<testcase name="Miata Log Viewer — Comprehensive Test Suite › Visual Regression &amp; Screenshots › should capture individual charts expanded" classname="app.spec.ts" time="0.283">
<failure message="app.spec.ts:340:5 should capture individual charts expanded" type="FAILURE">
<![CDATA[  [chromium] › app.spec.ts:340:5 › Miata Log Viewer — Comprehensive Test Suite › Visual Regression & Screenshots › should capture individual charts expanded 

    ReferenceError: __dirname is not defined

       at fixtures.ts:12

      10 |
      11 | export const test = base.extend<TestContext>({
    > 12 |   logFilePath: () => path.join(__dirname, '..', '..', 'example_idel_log.vtlog'),
         |                                ^
      13 |
      14 |   errorLogs: [],
      15 |   consoleLogs: [],
        at Object.logFilePath (/home/pachwenko/Projects/miata-logs/frontend/tests/fixtures.ts:12:32)

    attachment #1: screenshot (image/png) ──────────────────────────────────────────────────────────
    ../test-results/app-Miata-Log-Viewer-—-Com-5979d--individual-charts-expanded-chromium/test-failed-1.png
    ────────────────────────────────────────────────────────────────────────────────────────────────

    attachment #2: video (video/webm) ──────────────────────────────────────────────────────────────
    ../test-results/app-Miata-Log-Viewer-—-Com-5979d--individual-charts-expanded-chromium/video.webm
    ────────────────────────────────────────────────────────────────────────────────────────────────
]]>
</failure>
<system-err>
<![CDATA[
Warning: attachment app-Miata-Log-Viewer-—-Com-5979d--individual-charts-expanded-chromium/test-failed-1.png is missing
Warning: attachment app-Miata-Log-Viewer-—-Com-5979d--individual-charts-expanded-chromium/video.webm is missing]]>
</system-err>
</testcase>
</testsuite>
<testsuite name="app.spec.ts" timestamp="2026-03-18T06:11:13.117Z" hostname="chromium-mobile" tests="21" failures="19" skipped="0" time="32.817" errors="0">
<testcase name="Miata Log Viewer — Comprehensive Test Suite › Initial Load &amp; UI › should render upload area with no errors" classname="app.spec.ts" time="5.915">
<failure message="app.spec.ts:5:5 should render upload area with no errors" type="FAILURE">
<![CDATA[  [chromium-mobile] › app.spec.ts:5:5 › Miata Log Viewer — Comprehensive Test Suite › Initial Load & UI › should render upload area with no errors 

    Error: expect(locator).toContainText(expected) failed

    Locator: locator('h2')
    Expected substring: "Miata Log Viewer"
    Timeout: 5000ms
    Error: element(s) not found

    Call log:
      - Expect "toContainText" with timeout 5000ms
      - waiting for locator('h2')


       7 |
       8 |       // Check for critical UI elements
    >  9 |       await expect(page.locator('h2')).toContainText('Miata Log Viewer')
         |                                        ^
      10 |       await expect(page.locator('.upload-area')).toBeVisible()
      11 |
      12 |       // Verify no console errors occurred
        at /home/pachwenko/Projects/miata-logs/frontend/tests/app.spec.ts:9:40

    attachment #1: screenshot (image/png) ──────────────────────────────────────────────────────────
    ../test-results/app-Miata-Log-Viewer-—-Com-c2bc7--upload-area-with-no-errors-chromium-mobile/test-failed-1.png
    ────────────────────────────────────────────────────────────────────────────────────────────────

    attachment #2: video (video/webm) ──────────────────────────────────────────────────────────────
    ../test-results/app-Miata-Log-Viewer-—-Com-c2bc7--upload-area-with-no-errors-chromium-mobile/video.webm
    ────────────────────────────────────────────────────────────────────────────────────────────────
]]>
</failure>
<system-out>
<![CDATA[
❌ Errors captured:
  [2026-03-18T06:11:16.866Z] pageerror: The requested module '/src/parser/index.ts' does not provide an export named 'ParsedPID'
]]>
</system-out>
<system-err>
<![CDATA[
Warning: attachment app-Miata-Log-Viewer-—-Com-c2bc7--upload-area-with-no-errors-chromium-mobile/test-failed-1.png is missing
Warning: attachment app-Miata-Log-Viewer-—-Com-c2bc7--upload-area-with-no-errors-chromium-mobile/video.webm is missing]]>
</system-err>
</testcase>
<testcase name="Miata Log Viewer — Comprehensive Test Suite › Initial Load &amp; UI › should handle drag-and-drop interaction" classname="app.spec.ts" time="10.895">
<failure message="app.spec.ts:17:5 should handle drag-and-drop interaction" type="FAILURE">
<![CDATA[  [chromium-mobile] › app.spec.ts:17:5 › Miata Log Viewer — Comprehensive Test Suite › Initial Load & UI › should handle drag-and-drop interaction 

    TimeoutError: locator.dispatchEvent: Timeout 10000ms exceeded.
    Call log:
      - waiting for locator('.upload-area')


      22 |
      23 |       // Simulate drag over
    > 24 |       await uploadArea.dispatchEvent('dragover')
         |                        ^
      25 |       await uploadArea.hover()
      26 |
      27 |       // File upload triggers parsing
        at /home/pachwenko/Projects/miata-logs/frontend/tests/app.spec.ts:24:24

    attachment #1: screenshot (image/png) ──────────────────────────────────────────────────────────
    ../test-results/app-Miata-Log-Viewer-—-Com-59704-e-drag-and-drop-interaction-chromium-mobile/test-failed-1.png
    ────────────────────────────────────────────────────────────────────────────────────────────────

    attachment #2: video (video/webm) ──────────────────────────────────────────────────────────────
    ../test-results/app-Miata-Log-Viewer-—-Com-59704-e-drag-and-drop-interaction-chromium-mobile/video.webm
    ────────────────────────────────────────────────────────────────────────────────────────────────
]]>
</failure>
<system-out>
<![CDATA[
❌ Errors captured:
  [2026-03-18T06:11:18.017Z] pageerror: The requested module '/src/parser/index.ts' does not provide an export named 'ParsedPID'
]]>
</system-out>
<system-err>
<![CDATA[
Warning: attachment app-Miata-Log-Viewer-—-Com-59704-e-drag-and-drop-interaction-chromium-mobile/test-failed-1.png is missing
Warning: attachment app-Miata-Log-Viewer-—-Com-59704-e-drag-and-drop-interaction-chromium-mobile/video.webm is missing]]>
</system-err>
</testcase>
<testcase name="Miata Log Viewer — Comprehensive Test Suite › File Parsing &amp; Data Loading › should parse log file without errors" classname="app.spec.ts" time="0.281">
<failure message="app.spec.ts:33:5 should parse log file without errors" type="FAILURE">
<![CDATA[  [chromium-mobile] › app.spec.ts:33:5 › Miata Log Viewer — Comprehensive Test Suite › File Parsing & Data Loading › should parse log file without errors 

    ReferenceError: __dirname is not defined

       at fixtures.ts:12

      10 |
      11 | export const test = base.extend<TestContext>({
    > 12 |   logFilePath: () => path.join(__dirname, '..', '..', 'example_idel_log.vtlog'),
         |                                ^
      13 |
      14 |   errorLogs: [],
      15 |   consoleLogs: [],
        at Object.logFilePath (/home/pachwenko/Projects/miata-logs/frontend/tests/fixtures.ts:12:32)

    attachment #1: screenshot (image/png) ──────────────────────────────────────────────────────────
    ../test-results/app-Miata-Log-Viewer-—-Com-2683d-rse-log-file-without-errors-chromium-mobile/test-failed-1.png
    ────────────────────────────────────────────────────────────────────────────────────────────────

    attachment #2: video (video/webm) ──────────────────────────────────────────────────────────────
    ../test-results/app-Miata-Log-Viewer-—-Com-2683d-rse-log-file-without-errors-chromium-mobile/video.webm
    ────────────────────────────────────────────────────────────────────────────────────────────────
]]>
</failure>
<system-err>
<![CDATA[
Warning: attachment app-Miata-Log-Viewer-—-Com-2683d-rse-log-file-without-errors-chromium-mobile/test-failed-1.png is missing
Warning: attachment app-Miata-Log-Viewer-—-Com-2683d-rse-log-file-without-errors-chromium-mobile/video.webm is missing]]>
</system-err>
</testcase>
<testcase name="Miata Log Viewer — Comprehensive Test Suite › File Parsing &amp; Data Loading › should load all PIDs without errors" classname="app.spec.ts" time="0.263">
<failure message="app.spec.ts:49:5 should load all PIDs without errors" type="FAILURE">
<![CDATA[  [chromium-mobile] › app.spec.ts:49:5 › Miata Log Viewer — Comprehensive Test Suite › File Parsing & Data Loading › should load all PIDs without errors 

    ReferenceError: __dirname is not defined

       at fixtures.ts:12

      10 |
      11 | export const test = base.extend<TestContext>({
    > 12 |   logFilePath: () => path.join(__dirname, '..', '..', 'example_idel_log.vtlog'),
         |                                ^
      13 |
      14 |   errorLogs: [],
      15 |   consoleLogs: [],
        at Object.logFilePath (/home/pachwenko/Projects/miata-logs/frontend/tests/fixtures.ts:12:32)

    attachment #1: screenshot (image/png) ──────────────────────────────────────────────────────────
    ../test-results/app-Miata-Log-Viewer-—-Com-b1403-oad-all-PIDs-without-errors-chromium-mobile/test-failed-1.png
    ────────────────────────────────────────────────────────────────────────────────────────────────

    attachment #2: video (video/webm) ──────────────────────────────────────────────────────────────
    ../test-results/app-Miata-Log-Viewer-—-Com-b1403-oad-all-PIDs-without-errors-chromium-mobile/video.webm
    ────────────────────────────────────────────────────────────────────────────────────────────────
]]>
</failure>
<system-err>
<![CDATA[
Warning: attachment app-Miata-Log-Viewer-—-Com-b1403-oad-all-PIDs-without-errors-chromium-mobile/test-failed-1.png is missing
Warning: attachment app-Miata-Log-Viewer-—-Com-b1403-oad-all-PIDs-without-errors-chromium-mobile/video.webm is missing]]>
</system-err>
</testcase>
<testcase name="Miata Log Viewer — Comprehensive Test Suite › File Parsing &amp; Data Loading › should render combined chart immediately" classname="app.spec.ts" time="0.262">
<failure message="app.spec.ts:68:5 should render combined chart immediately" type="FAILURE">
<![CDATA[  [chromium-mobile] › app.spec.ts:68:5 › Miata Log Viewer — Comprehensive Test Suite › File Parsing & Data Loading › should render combined chart immediately 

    ReferenceError: __dirname is not defined

       at fixtures.ts:12

      10 |
      11 | export const test = base.extend<TestContext>({
    > 12 |   logFilePath: () => path.join(__dirname, '..', '..', 'example_idel_log.vtlog'),
         |                                ^
      13 |
      14 |   errorLogs: [],
      15 |   consoleLogs: [],
        at Object.logFilePath (/home/pachwenko/Projects/miata-logs/frontend/tests/fixtures.ts:12:32)

    attachment #1: screenshot (image/png) ──────────────────────────────────────────────────────────
    ../test-results/app-Miata-Log-Viewer-—-Com-67e7a--combined-chart-immediately-chromium-mobile/test-failed-1.png
    ────────────────────────────────────────────────────────────────────────────────────────────────

    attachment #2: video (video/webm) ──────────────────────────────────────────────────────────────
    ../test-results/app-Miata-Log-Viewer-—-Com-67e7a--combined-chart-immediately-chromium-mobile/video.webm
    ────────────────────────────────────────────────────────────────────────────────────────────────
]]>
</failure>
<system-err>
<![CDATA[
Warning: attachment app-Miata-Log-Viewer-—-Com-67e7a--combined-chart-immediately-chromium-mobile/test-failed-1.png is missing
Warning: attachment app-Miata-Log-Viewer-—-Com-67e7a--combined-chart-immediately-chromium-mobile/video.webm is missing]]>
</system-err>
</testcase>
<testcase name="Miata Log Viewer — Comprehensive Test Suite › Interactivity &amp; State Management › should toggle PID visibility in real-time" classname="app.spec.ts" time="0.271">
<failure message="app.spec.ts:87:5 should toggle PID visibility in real-time" type="FAILURE">
<![CDATA[  [chromium-mobile] › app.spec.ts:87:5 › Miata Log Viewer — Comprehensive Test Suite › Interactivity & State Management › should toggle PID visibility in real-time 

    ReferenceError: __dirname is not defined

       at fixtures.ts:12

      10 |
      11 | export const test = base.extend<TestContext>({
    > 12 |   logFilePath: () => path.join(__dirname, '..', '..', 'example_idel_log.vtlog'),
         |                                ^
      13 |
      14 |   errorLogs: [],
      15 |   consoleLogs: [],
        at Object.logFilePath (/home/pachwenko/Projects/miata-logs/frontend/tests/fixtures.ts:12:32)

    attachment #1: screenshot (image/png) ──────────────────────────────────────────────────────────
    ../test-results/app-Miata-Log-Viewer-—-Com-e4f3a-PID-visibility-in-real-time-chromium-mobile/test-failed-1.png
    ────────────────────────────────────────────────────────────────────────────────────────────────

    attachment #2: video (video/webm) ──────────────────────────────────────────────────────────────
    ../test-results/app-Miata-Log-Viewer-—-Com-e4f3a-PID-visibility-in-real-time-chromium-mobile/video.webm
    ────────────────────────────────────────────────────────────────────────────────────────────────
]]>
</failure>
<system-err>
<![CDATA[
Warning: attachment app-Miata-Log-Viewer-—-Com-e4f3a-PID-visibility-in-real-time-chromium-mobile/test-failed-1.png is missing
Warning: attachment app-Miata-Log-Viewer-—-Com-e4f3a-PID-visibility-in-real-time-chromium-mobile/video.webm is missing]]>
</system-err>
</testcase>
<testcase name="Miata Log Viewer — Comprehensive Test Suite › Interactivity &amp; State Management › should expand/collapse individual charts section" classname="app.spec.ts" time="0.251">
<failure message="app.spec.ts:108:5 should expand/collapse individual charts section" type="FAILURE">
<![CDATA[  [chromium-mobile] › app.spec.ts:108:5 › Miata Log Viewer — Comprehensive Test Suite › Interactivity & State Management › should expand/collapse individual charts section 

    ReferenceError: __dirname is not defined

       at fixtures.ts:12

      10 |
      11 | export const test = base.extend<TestContext>({
    > 12 |   logFilePath: () => path.join(__dirname, '..', '..', 'example_idel_log.vtlog'),
         |                                ^
      13 |
      14 |   errorLogs: [],
      15 |   consoleLogs: [],
        at Object.logFilePath (/home/pachwenko/Projects/miata-logs/frontend/tests/fixtures.ts:12:32)

    attachment #1: screenshot (image/png) ──────────────────────────────────────────────────────────
    ../test-results/app-Miata-Log-Viewer-—-Com-ce3a7-e-individual-charts-section-chromium-mobile/test-failed-1.png
    ────────────────────────────────────────────────────────────────────────────────────────────────

    attachment #2: video (video/webm) ──────────────────────────────────────────────────────────────
    ../test-results/app-Miata-Log-Viewer-—-Com-ce3a7-e-individual-charts-section-chromium-mobile/video.webm
    ────────────────────────────────────────────────────────────────────────────────────────────────
]]>
</failure>
<system-err>
<![CDATA[
Warning: attachment app-Miata-Log-Viewer-—-Com-ce3a7-e-individual-charts-section-chromium-mobile/test-failed-1.png is missing
Warning: attachment app-Miata-Log-Viewer-—-Com-ce3a7-e-individual-charts-section-chromium-mobile/video.webm is missing]]>
</system-err>
</testcase>
<testcase name="Miata Log Viewer — Comprehensive Test Suite › Interactivity &amp; State Management › should update colors in combined chart" classname="app.spec.ts" time="0.238">
<failure message="app.spec.ts:131:5 should update colors in combined chart" type="FAILURE">
<![CDATA[  [chromium-mobile] › app.spec.ts:131:5 › Miata Log Viewer — Comprehensive Test Suite › Interactivity & State Management › should update colors in combined chart 

    ReferenceError: __dirname is not defined

       at fixtures.ts:12

      10 |
      11 | export const test = base.extend<TestContext>({
    > 12 |   logFilePath: () => path.join(__dirname, '..', '..', 'example_idel_log.vtlog'),
         |                                ^
      13 |
      14 |   errorLogs: [],
      15 |   consoleLogs: [],
        at Object.logFilePath (/home/pachwenko/Projects/miata-logs/frontend/tests/fixtures.ts:12:32)

    attachment #1: screenshot (image/png) ──────────────────────────────────────────────────────────
    ../test-results/app-Miata-Log-Viewer-—-Com-a3433-te-colors-in-combined-chart-chromium-mobile/test-failed-1.png
    ────────────────────────────────────────────────────────────────────────────────────────────────

    attachment #2: video (video/webm) ──────────────────────────────────────────────────────────────
    ../test-results/app-Miata-Log-Viewer-—-Com-a3433-te-colors-in-combined-chart-chromium-mobile/video.webm
    ────────────────────────────────────────────────────────────────────────────────────────────────
]]>
</failure>
<system-err>
<![CDATA[
Warning: attachment app-Miata-Log-Viewer-—-Com-a3433-te-colors-in-combined-chart-chromium-mobile/test-failed-1.png is missing
Warning: attachment app-Miata-Log-Viewer-—-Com-a3433-te-colors-in-combined-chart-chromium-mobile/video.webm is missing]]>
</system-err>
</testcase>
<testcase name="Miata Log Viewer — Comprehensive Test Suite › Interactivity &amp; State Management › should update PID names and units" classname="app.spec.ts" time="0.232">
<failure message="app.spec.ts:152:5 should update PID names and units" type="FAILURE">
<![CDATA[  [chromium-mobile] › app.spec.ts:152:5 › Miata Log Viewer — Comprehensive Test Suite › Interactivity & State Management › should update PID names and units 

    ReferenceError: __dirname is not defined

       at fixtures.ts:12

      10 |
      11 | export const test = base.extend<TestContext>({
    > 12 |   logFilePath: () => path.join(__dirname, '..', '..', 'example_idel_log.vtlog'),
         |                                ^
      13 |
      14 |   errorLogs: [],
      15 |   consoleLogs: [],
        at Object.logFilePath (/home/pachwenko/Projects/miata-logs/frontend/tests/fixtures.ts:12:32)

    attachment #1: screenshot (image/png) ──────────────────────────────────────────────────────────
    ../test-results/app-Miata-Log-Viewer-—-Com-3adb5--update-PID-names-and-units-chromium-mobile/test-failed-1.png
    ────────────────────────────────────────────────────────────────────────────────────────────────

    attachment #2: video (video/webm) ──────────────────────────────────────────────────────────────
    ../test-results/app-Miata-Log-Viewer-—-Com-3adb5--update-PID-names-and-units-chromium-mobile/video.webm
    ────────────────────────────────────────────────────────────────────────────────────────────────
]]>
</failure>
<system-err>
<![CDATA[
Warning: attachment app-Miata-Log-Viewer-—-Com-3adb5--update-PID-names-and-units-chromium-mobile/test-failed-1.png is missing
Warning: attachment app-Miata-Log-Viewer-—-Com-3adb5--update-PID-names-and-units-chromium-mobile/video.webm is missing]]>
</system-err>
</testcase>
<testcase name="Miata Log Viewer — Comprehensive Test Suite › Configuration Persistence › should persist configurations in localStorage" classname="app.spec.ts" time="0.276">
<failure message="app.spec.ts:175:5 should persist configurations in localStorage" type="FAILURE">
<![CDATA[  [chromium-mobile] › app.spec.ts:175:5 › Miata Log Viewer — Comprehensive Test Suite › Configuration Persistence › should persist configurations in localStorage 

    ReferenceError: __dirname is not defined

       at fixtures.ts:12

      10 |
      11 | export const test = base.extend<TestContext>({
    > 12 |   logFilePath: () => path.join(__dirname, '..', '..', 'example_idel_log.vtlog'),
         |                                ^
      13 |
      14 |   errorLogs: [],
      15 |   consoleLogs: [],
        at Object.logFilePath (/home/pachwenko/Projects/miata-logs/frontend/tests/fixtures.ts:12:32)

    attachment #1: screenshot (image/png) ──────────────────────────────────────────────────────────
    ../test-results/app-Miata-Log-Viewer-—-Com-d45cb-figurations-in-localStorage-chromium-mobile/test-failed-1.png
    ────────────────────────────────────────────────────────────────────────────────────────────────

    attachment #2: video (video/webm) ──────────────────────────────────────────────────────────────
    ../test-results/app-Miata-Log-Viewer-—-Com-d45cb-figurations-in-localStorage-chromium-mobile/video.webm
    ────────────────────────────────────────────────────────────────────────────────────────────────
]]>
</failure>
<system-err>
<![CDATA[
Warning: attachment app-Miata-Log-Viewer-—-Com-d45cb-figurations-in-localStorage-chromium-mobile/test-failed-1.png is missing
Warning: attachment app-Miata-Log-Viewer-—-Com-d45cb-figurations-in-localStorage-chromium-mobile/video.webm is missing]]>
</system-err>
</testcase>
<testcase name="Miata Log Viewer — Comprehensive Test Suite › Individual Chart Stats › should display stats below each chart" classname="app.spec.ts" time="0.263">
<failure message="app.spec.ts:202:5 should display stats below each chart" type="FAILURE">
<![CDATA[  [chromium-mobile] › app.spec.ts:202:5 › Miata Log Viewer — Comprehensive Test Suite › Individual Chart Stats › should display stats below each chart 

    ReferenceError: __dirname is not defined

       at fixtures.ts:12

      10 |
      11 | export const test = base.extend<TestContext>({
    > 12 |   logFilePath: () => path.join(__dirname, '..', '..', 'example_idel_log.vtlog'),
         |                                ^
      13 |
      14 |   errorLogs: [],
      15 |   consoleLogs: [],
        at Object.logFilePath (/home/pachwenko/Projects/miata-logs/frontend/tests/fixtures.ts:12:32)

    attachment #1: screenshot (image/png) ──────────────────────────────────────────────────────────
    ../test-results/app-Miata-Log-Viewer-—-Com-2f84c-play-stats-below-each-chart-chromium-mobile/test-failed-1.png
    ────────────────────────────────────────────────────────────────────────────────────────────────

    attachment #2: video (video/webm) ──────────────────────────────────────────────────────────────
    ../test-results/app-Miata-Log-Viewer-—-Com-2f84c-play-stats-below-each-chart-chromium-mobile/video.webm
    ────────────────────────────────────────────────────────────────────────────────────────────────
]]>
</failure>
<system-err>
<![CDATA[
Warning: attachment app-Miata-Log-Viewer-—-Com-2f84c-play-stats-below-each-chart-chromium-mobile/test-failed-1.png is missing
Warning: attachment app-Miata-Log-Viewer-—-Com-2f84c-play-stats-below-each-chart-chromium-mobile/video.webm is missing]]>
</system-err>
</testcase>
<testcase name="Miata Log Viewer — Comprehensive Test Suite › Individual Chart Stats › should calculate correct min/max/avg values" classname="app.spec.ts" time="0.275">
<failure message="app.spec.ts:223:5 should calculate correct min/max/avg values" type="FAILURE">
<![CDATA[  [chromium-mobile] › app.spec.ts:223:5 › Miata Log Viewer — Comprehensive Test Suite › Individual Chart Stats › should calculate correct min/max/avg values 

    ReferenceError: __dirname is not defined

       at fixtures.ts:12

      10 |
      11 | export const test = base.extend<TestContext>({
    > 12 |   logFilePath: () => path.join(__dirname, '..', '..', 'example_idel_log.vtlog'),
         |                                ^
      13 |
      14 |   errorLogs: [],
      15 |   consoleLogs: [],
        at Object.logFilePath (/home/pachwenko/Projects/miata-logs/frontend/tests/fixtures.ts:12:32)

    attachment #1: screenshot (image/png) ──────────────────────────────────────────────────────────
    ../test-results/app-Miata-Log-Viewer-—-Com-4b46e--correct-min-max-avg-values-chromium-mobile/test-failed-1.png
    ────────────────────────────────────────────────────────────────────────────────────────────────

    attachment #2: video (video/webm) ──────────────────────────────────────────────────────────────
    ../test-results/app-Miata-Log-Viewer-—-Com-4b46e--correct-min-max-avg-values-chromium-mobile/video.webm
    ────────────────────────────────────────────────────────────────────────────────────────────────
]]>
</failure>
<system-err>
<![CDATA[
Warning: attachment app-Miata-Log-Viewer-—-Com-4b46e--correct-min-max-avg-values-chromium-mobile/test-failed-1.png is missing
Warning: attachment app-Miata-Log-Viewer-—-Com-4b46e--correct-min-max-avg-values-chromium-mobile/video.webm is missing]]>
</system-err>
</testcase>
<testcase name="Miata Log Viewer — Comprehensive Test Suite › Error Handling &amp; Edge Cases › should handle reset button correctly" classname="app.spec.ts" time="0.27">
<failure message="app.spec.ts:239:5 should handle reset button correctly" type="FAILURE">
<![CDATA[  [chromium-mobile] › app.spec.ts:239:5 › Miata Log Viewer — Comprehensive Test Suite › Error Handling & Edge Cases › should handle reset button correctly 

    ReferenceError: __dirname is not defined

       at fixtures.ts:12

      10 |
      11 | export const test = base.extend<TestContext>({
    > 12 |   logFilePath: () => path.join(__dirname, '..', '..', 'example_idel_log.vtlog'),
         |                                ^
      13 |
      14 |   errorLogs: [],
      15 |   consoleLogs: [],
        at Object.logFilePath (/home/pachwenko/Projects/miata-logs/frontend/tests/fixtures.ts:12:32)

    attachment #1: screenshot (image/png) ──────────────────────────────────────────────────────────
    ../test-results/app-Miata-Log-Viewer-—-Com-76740-ndle-reset-button-correctly-chromium-mobile/test-failed-1.png
    ────────────────────────────────────────────────────────────────────────────────────────────────

    attachment #2: video (video/webm) ──────────────────────────────────────────────────────────────
    ../test-results/app-Miata-Log-Viewer-—-Com-76740-ndle-reset-button-correctly-chromium-mobile/video.webm
    ────────────────────────────────────────────────────────────────────────────────────────────────
]]>
</failure>
<system-err>
<![CDATA[
Warning: attachment app-Miata-Log-Viewer-—-Com-76740-ndle-reset-button-correctly-chromium-mobile/test-failed-1.png is missing
Warning: attachment app-Miata-Log-Viewer-—-Com-76740-ndle-reset-button-correctly-chromium-mobile/video.webm is missing]]>
</system-err>
</testcase>
<testcase name="Miata Log Viewer — Comprehensive Test Suite › Error Handling &amp; Edge Cases › should display helpful error on bad file" classname="app.spec.ts" time="10.899">
<failure message="app.spec.ts:254:5 should display helpful error on bad file" type="FAILURE">
<![CDATA[  [chromium-mobile] › app.spec.ts:254:5 › Miata Log Viewer — Comprehensive Test Suite › Error Handling & Edge Cases › should display helpful error on bad file 

    TimeoutError: locator.setInputFiles: Timeout 10000ms exceeded.
    Call log:
      - waiting for locator('input[type="file"]')


      257 |       // Try to upload invalid XML
      258 |       const fileInput = page.locator('input[type="file"]')
    > 259 |       await fileInput.setInputFiles({
          |       ^
      260 |         name: 'invalid.txt',
      261 |         mimeType: 'text/plain',
      262 |         buffer: Buffer.from('This is not XML'),
        at /home/pachwenko/Projects/miata-logs/frontend/tests/app.spec.ts:259:7

    attachment #1: screenshot (image/png) ──────────────────────────────────────────────────────────
    ../test-results/app-Miata-Log-Viewer-—-Com-eeddc-y-helpful-error-on-bad-file-chromium-mobile/test-failed-1.png
    ────────────────────────────────────────────────────────────────────────────────────────────────

    attachment #2: video (video/webm) ──────────────────────────────────────────────────────────────
    ../test-results/app-Miata-Log-Viewer-—-Com-eeddc-y-helpful-error-on-bad-file-chromium-mobile/video.webm
    ────────────────────────────────────────────────────────────────────────────────────────────────
]]>
</failure>
<system-out>
<![CDATA[
❌ Errors captured:
  [2026-03-18T06:11:19.430Z] pageerror: The requested module '/src/parser/index.ts' does not provide an export named 'ParsedPID'
]]>
</system-out>
<system-err>
<![CDATA[
Warning: attachment app-Miata-Log-Viewer-—-Com-eeddc-y-helpful-error-on-bad-file-chromium-mobile/test-failed-1.png is missing
Warning: attachment app-Miata-Log-Viewer-—-Com-eeddc-y-helpful-error-on-bad-file-chromium-mobile/video.webm is missing]]>
</system-err>
</testcase>
<testcase name="Miata Log Viewer — Comprehensive Test Suite › Performance &amp; Accessibility › should load page in reasonable time" classname="app.spec.ts" time="0.511">
<system-out>
<![CDATA[
❌ Errors captured:
  [2026-03-18T06:11:19.680Z] pageerror: The requested module '/src/parser/index.ts' does not provide an export named 'ParsedPID'
]]>
</system-out>
</testcase>
<testcase name="Miata Log Viewer — Comprehensive Test Suite › Performance &amp; Accessibility › should have accessible form elements" classname="app.spec.ts" time="0.237">
<failure message="app.spec.ts:279:5 should have accessible form elements" type="FAILURE">
<![CDATA[  [chromium-mobile] › app.spec.ts:279:5 › Miata Log Viewer — Comprehensive Test Suite › Performance & Accessibility › should have accessible form elements 

    ReferenceError: __dirname is not defined

       at fixtures.ts:12

      10 |
      11 | export const test = base.extend<TestContext>({
    > 12 |   logFilePath: () => path.join(__dirname, '..', '..', 'example_idel_log.vtlog'),
         |                                ^
      13 |
      14 |   errorLogs: [],
      15 |   consoleLogs: [],
        at Object.logFilePath (/home/pachwenko/Projects/miata-logs/frontend/tests/fixtures.ts:12:32)

    attachment #1: screenshot (image/png) ──────────────────────────────────────────────────────────
    ../test-results/app-Miata-Log-Viewer-—-Com-e9433-ve-accessible-form-elements-chromium-mobile/test-failed-1.png
    ────────────────────────────────────────────────────────────────────────────────────────────────

    attachment #2: video (video/webm) ──────────────────────────────────────────────────────────────
    ../test-results/app-Miata-Log-Viewer-—-Com-e9433-ve-accessible-form-elements-chromium-mobile/video.webm
    ────────────────────────────────────────────────────────────────────────────────────────────────
]]>
</failure>
<system-err>
<![CDATA[
Warning: attachment app-Miata-Log-Viewer-—-Com-e9433-ve-accessible-form-elements-chromium-mobile/test-failed-1.png is missing
Warning: attachment app-Miata-Log-Viewer-—-Com-e9433-ve-accessible-form-elements-chromium-mobile/video.webm is missing]]>
</system-err>
</testcase>
<testcase name="Miata Log Viewer — Comprehensive Test Suite › Performance &amp; Accessibility › should be responsive on mobile viewport" classname="app.spec.ts" time="0.241">
<failure message="app.spec.ts:299:5 should be responsive on mobile viewport" type="FAILURE">
<![CDATA[  [chromium-mobile] › app.spec.ts:299:5 › Miata Log Viewer — Comprehensive Test Suite › Performance & Accessibility › should be responsive on mobile viewport 

    ReferenceError: __dirname is not defined

       at fixtures.ts:12

      10 |
      11 | export const test = base.extend<TestContext>({
    > 12 |   logFilePath: () => path.join(__dirname, '..', '..', 'example_idel_log.vtlog'),
         |                                ^
      13 |
      14 |   errorLogs: [],
      15 |   consoleLogs: [],
        at Object.logFilePath (/home/pachwenko/Projects/miata-logs/frontend/tests/fixtures.ts:12:32)

    attachment #1: screenshot (image/png) ──────────────────────────────────────────────────────────
    ../test-results/app-Miata-Log-Viewer-—-Com-7960c-sponsive-on-mobile-viewport-chromium-mobile/test-failed-1.png
    ────────────────────────────────────────────────────────────────────────────────────────────────

    attachment #2: video (video/webm) ──────────────────────────────────────────────────────────────
    ../test-results/app-Miata-Log-Viewer-—-Com-7960c-sponsive-on-mobile-viewport-chromium-mobile/video.webm
    ────────────────────────────────────────────────────────────────────────────────────────────────
]]>
</failure>
<system-err>
<![CDATA[
Warning: attachment app-Miata-Log-Viewer-—-Com-7960c-sponsive-on-mobile-viewport-chromium-mobile/test-failed-1.png is missing
Warning: attachment app-Miata-Log-Viewer-—-Com-7960c-sponsive-on-mobile-viewport-chromium-mobile/video.webm is missing]]>
</system-err>
</testcase>
<testcase name="Miata Log Viewer — Comprehensive Test Suite › Visual Regression &amp; Screenshots › should capture initial state screenshot" classname="app.spec.ts" time="0.551">
<system-out>
<![CDATA[
❌ Errors captured:
  [2026-03-18T06:11:20.651Z] pageerror: The requested module '/src/parser/index.ts' does not provide an export named 'ParsedPID'
]]>
</system-out>
</testcase>
<testcase name="Miata Log Viewer — Comprehensive Test Suite › Visual Regression &amp; Screenshots › should capture loaded log screenshot" classname="app.spec.ts" time="0.236">
<failure message="app.spec.ts:321:5 should capture loaded log screenshot" type="FAILURE">
<![CDATA[  [chromium-mobile] › app.spec.ts:321:5 › Miata Log Viewer — Comprehensive Test Suite › Visual Regression & Screenshots › should capture loaded log screenshot 

    ReferenceError: __dirname is not defined

       at fixtures.ts:12

      10 |
      11 | export const test = base.extend<TestContext>({
    > 12 |   logFilePath: () => path.join(__dirname, '..', '..', 'example_idel_log.vtlog'),
         |                                ^
      13 |
      14 |   errorLogs: [],
      15 |   consoleLogs: [],
        at Object.logFilePath (/home/pachwenko/Projects/miata-logs/frontend/tests/fixtures.ts:12:32)

    attachment #1: screenshot (image/png) ──────────────────────────────────────────────────────────
    ../test-results/app-Miata-Log-Viewer-—-Com-02eda-pture-loaded-log-screenshot-chromium-mobile/test-failed-1.png
    ────────────────────────────────────────────────────────────────────────────────────────────────

    attachment #2: video (video/webm) ──────────────────────────────────────────────────────────────
    ../test-results/app-Miata-Log-Viewer-—-Com-02eda-pture-loaded-log-screenshot-chromium-mobile/video.webm
    ────────────────────────────────────────────────────────────────────────────────────────────────
]]>
</failure>
<system-err>
<![CDATA[
Warning: attachment app-Miata-Log-Viewer-—-Com-02eda-pture-loaded-log-screenshot-chromium-mobile/test-failed-1.png is missing
Warning: attachment app-Miata-Log-Viewer-—-Com-02eda-pture-loaded-log-screenshot-chromium-mobile/video.webm is missing]]>
</system-err>
</testcase>
<testcase name="Miata Log Viewer — Comprehensive Test Suite › Visual Regression &amp; Screenshots › should capture combined chart in detail" classname="app.spec.ts" time="0.247">
<failure message="app.spec.ts:330:5 should capture combined chart in detail" type="FAILURE">
<![CDATA[  [chromium-mobile] › app.spec.ts:330:5 › Miata Log Viewer — Comprehensive Test Suite › Visual Regression & Screenshots › should capture combined chart in detail 

    ReferenceError: __dirname is not defined

       at fixtures.ts:12

      10 |
      11 | export const test = base.extend<TestContext>({
    > 12 |   logFilePath: () => path.join(__dirname, '..', '..', 'example_idel_log.vtlog'),
         |                                ^
      13 |
      14 |   errorLogs: [],
      15 |   consoleLogs: [],
        at Object.logFilePath (/home/pachwenko/Projects/miata-logs/frontend/tests/fixtures.ts:12:32)

    attachment #1: screenshot (image/png) ──────────────────────────────────────────────────────────
    ../test-results/app-Miata-Log-Viewer-—-Com-bd34e-re-combined-chart-in-detail-chromium-mobile/test-failed-1.png
    ────────────────────────────────────────────────────────────────────────────────────────────────

    attachment #2: video (video/webm) ──────────────────────────────────────────────────────────────
    ../test-results/app-Miata-Log-Viewer-—-Com-bd34e-re-combined-chart-in-detail-chromium-mobile/video.webm
    ────────────────────────────────────────────────────────────────────────────────────────────────
]]>
</failure>
<system-err>
<![CDATA[
Warning: attachment app-Miata-Log-Viewer-—-Com-bd34e-re-combined-chart-in-detail-chromium-mobile/test-failed-1.png is missing
Warning: attachment app-Miata-Log-Viewer-—-Com-bd34e-re-combined-chart-in-detail-chromium-mobile/video.webm is missing]]>
</system-err>
</testcase>
<testcase name="Miata Log Viewer — Comprehensive Test Suite › Visual Regression &amp; Screenshots › should capture individual charts expanded" classname="app.spec.ts" time="0.203">
<failure message="app.spec.ts:340:5 should capture individual charts expanded" type="FAILURE">
<![CDATA[  [chromium-mobile] › app.spec.ts:340:5 › Miata Log Viewer — Comprehensive Test Suite › Visual Regression & Screenshots › should capture individual charts expanded 

    ReferenceError: __dirname is not defined

       at fixtures.ts:12

      10 |
      11 | export const test = base.extend<TestContext>({
    > 12 |   logFilePath: () => path.join(__dirname, '..', '..', 'example_idel_log.vtlog'),
         |                                ^
      13 |
      14 |   errorLogs: [],
      15 |   consoleLogs: [],
        at Object.logFilePath (/home/pachwenko/Projects/miata-logs/frontend/tests/fixtures.ts:12:32)

    attachment #1: screenshot (image/png) ──────────────────────────────────────────────────────────
    ../test-results/app-Miata-Log-Viewer-—-Com-5979d--individual-charts-expanded-chromium-mobile/test-failed-1.png
    ────────────────────────────────────────────────────────────────────────────────────────────────

    attachment #2: video (video/webm) ──────────────────────────────────────────────────────────────
    ../test-results/app-Miata-Log-Viewer-—-Com-5979d--individual-charts-expanded-chromium-mobile/video.webm
    ────────────────────────────────────────────────────────────────────────────────────────────────
]]>
</failure>
<system-err>
<![CDATA[
Warning: attachment app-Miata-Log-Viewer-—-Com-5979d--individual-charts-expanded-chromium-mobile/test-failed-1.png is missing
Warning: attachment app-Miata-Log-Viewer-—-Com-5979d--individual-charts-expanded-chromium-mobile/video.webm is missing]]>
</system-err>
</testcase>
</testsuite>
</testsuites>